{"/home/claude/starlink-pro/backend/src/server.js": {"path":"/home/claude/starlink-pro/backend/src/server.js","statementMap":{"0":{"start":{"line":1,"column":0},"end":{"line":1,"column":27}},"1":{"start":{"line":2,"column":19},"end":{"line":2,"column":37}},"2":{"start":{"line":3,"column":19},"end":{"line":3,"column":34}},"3":{"start":{"line":4,"column":19},"end":{"line":4,"column":39}},"4":{"start":{"line":5,"column":19},"end":{"line":5,"column":41}},"5":{"start":{"line":6,"column":19},"end":{"line":6,"column":36}},"6":{"start":{"line":7,"column":24},"end":{"line":7,"column":50}},"7":{"start":{"line":9,"column":20},"end":{"line":9,"column":45}},"8":{"start":{"line":10,"column":20},"end":{"line":10,"column":47}},"9":{"start":{"line":11,"column":87},"end":{"line":11,"column":119}},"10":{"start":{"line":12,"column":25},"end":{"line":12,"column":53}},"11":{"start":{"line":13,"column":45},"end":{"line":13,"column":77}},"12":{"start":{"line":14,"column":54},"end":{"line":14,"column":92}},"13":{"start":{"line":15,"column":52},"end":{"line":15,"column":91}},"14":{"start":{"line":16,"column":25},"end":{"line":16,"column":52}},"15":{"start":{"line":17,"column":20},"end":{"line":17,"column":44}},"16":{"start":{"line":18,"column":74},"end":{"line":18,"column":97}},"17":{"start":{"line":20,"column":15},"end":{"line":20,"column":24}},"18":{"start":{"line":21,"column":15},"end":{"line":21,"column":37}},"19":{"start":{"line":24,"column":11},"end":{"line":30,"column":2}},"20":{"start":{"line":32,"column":0},"end":{"line":42,"column":3}},"21":{"start":{"line":34,"column":16},"end":{"line":34,"column":44}},"22":{"start":{"line":35,"column":2},"end":{"line":40,"column":3}},"23":{"start":{"line":36,"column":4},"end":{"line":39,"column":14}},"24":{"start":{"line":37,"column":18},"end":{"line":37,"column":41}},"25":{"start":{"line":38,"column":6},"end":{"line":38,"column":83}},"26":{"start":{"line":41,"column":2},"end":{"line":41,"column":9}},"27":{"start":{"line":44,"column":0},"end":{"line":49,"column":3}},"28":{"start":{"line":45,"column":2},"end":{"line":45,"column":44}},"29":{"start":{"line":46,"column":2},"end":{"line":46,"column":78}},"30":{"start":{"line":46,"column":32},"end":{"line":46,"column":76}},"31":{"start":{"line":48,"column":2},"end":{"line":48,"column":79}},"32":{"start":{"line":48,"column":48},"end":{"line":48,"column":77}},"33":{"start":{"line":52,"column":0},"end":{"line":52,"column":22}},"34":{"start":{"line":53,"column":0},"end":{"line":53,"column":20}},"35":{"start":{"line":54,"column":0},"end":{"line":54,"column":23}},"36":{"start":{"line":55,"column":0},"end":{"line":55,"column":40}},"37":{"start":{"line":56,"column":0},"end":{"line":56,"column":62}},"38":{"start":{"line":57,"column":0},"end":{"line":57,"column":23}},"39":{"start":{"line":58,"column":0},"end":{"line":58,"column":28}},"40":{"start":{"line":59,"column":0},"end":{"line":59,"column":23}},"41":{"start":{"line":61,"column":0},"end":{"line":63,"column":1}},"42":{"start":{"line":62,"column":2},"end":{"line":62,"column":85}},"43":{"start":{"line":62,"column":55},"end":{"line":62,"column":78}},"44":{"start":{"line":66,"column":0},"end":{"line":66,"column":39}},"45":{"start":{"line":67,"column":0},"end":{"line":67,"column":45}},"46":{"start":{"line":68,"column":0},"end":{"line":68,"column":41}},"47":{"start":{"line":69,"column":0},"end":{"line":69,"column":41}},"48":{"start":{"line":70,"column":0},"end":{"line":70,"column":44}},"49":{"start":{"line":73,"column":0},"end":{"line":78,"column":5}},"50":{"start":{"line":73,"column":56},"end":{"line":78,"column":1}},"51":{"start":{"line":81,"column":0},"end":{"line":81,"column":68}},"52":{"start":{"line":81,"column":22},"end":{"line":81,"column":66}},"53":{"start":{"line":83,"column":0},"end":{"line":88,"column":3}},"54":{"start":{"line":84,"column":2},"end":{"line":84,"column":48}},"55":{"start":{"line":85,"column":2},"end":{"line":87,"column":5}},"56":{"start":{"line":92,"column":2},"end":{"line":119,"column":3}},"57":{"start":{"line":93,"column":4},"end":{"line":93,"column":44}},"58":{"start":{"line":94,"column":4},"end":{"line":94,"column":19}},"59":{"start":{"line":97,"column":4},"end":{"line":97,"column":23}},"60":{"start":{"line":98,"column":4},"end":{"line":98,"column":24}},"61":{"start":{"line":101,"column":4},"end":{"line":101,"column":48}},"62":{"start":{"line":102,"column":4},"end":{"line":102,"column":88}},"63":{"start":{"line":102,"column":35},"end":{"line":102,"column":86}},"64":{"start":{"line":105,"column":4},"end":{"line":105,"column":26}},"65":{"start":{"line":106,"column":4},"end":{"line":106,"column":25}},"66":{"start":{"line":107,"column":4},"end":{"line":107,"column":22}},"67":{"start":{"line":109,"column":17},"end":{"line":109,"column":41}},"68":{"start":{"line":110,"column":4},"end":{"line":115,"column":7}},"69":{"start":{"line":111,"column":6},"end":{"line":111,"column":68}},"70":{"start":{"line":112,"column":6},"end":{"line":112,"column":66}},"71":{"start":{"line":113,"column":6},"end":{"line":113,"column":70}},"72":{"start":{"line":114,"column":6},"end":{"line":114,"column":56}},"73":{"start":{"line":117,"column":4},"end":{"line":117,"column":49}},"74":{"start":{"line":118,"column":4},"end":{"line":118,"column":20}},"75":{"start":{"line":122,"column":0},"end":{"line":122,"column":45}},"76":{"start":{"line":122,"column":37},"end":{"line":122,"column":45}},"77":{"start":{"line":124,"column":0},"end":{"line":124,"column":33}}},"fnMap":{"0":{"name":"(anonymous_0)","decl":{"start":{"line":32,"column":7},"end":{"line":32,"column":8}},"loc":{"start":{"line":32,"column":25},"end":{"line":42,"column":1}},"line":32},"1":{"name":"(anonymous_1)","decl":{"start":{"line":44,"column":20},"end":{"line":44,"column":21}},"loc":{"start":{"line":44,"column":32},"end":{"line":49,"column":1}},"line":44},"2":{"name":"(anonymous_2)","decl":{"start":{"line":46,"column":26},"end":{"line":46,"column":27}},"loc":{"start":{"line":46,"column":32},"end":{"line":46,"column":76}},"line":46},"3":{"name":"(anonymous_3)","decl":{"start":{"line":48,"column":35},"end":{"line":48,"column":36}},"loc":{"start":{"line":48,"column":48},"end":{"line":48,"column":77}},"line":48},"4":{"name":"(anonymous_4)","decl":{"start":{"line":62,"column":48},"end":{"line":62,"column":49}},"loc":{"start":{"line":62,"column":55},"end":{"line":62,"column":78}},"line":62},"5":{"name":"(anonymous_5)","decl":{"start":{"line":73,"column":46},"end":{"line":73,"column":47}},"loc":{"start":{"line":73,"column":56},"end":{"line":78,"column":1}},"line":73},"6":{"name":"(anonymous_6)","decl":{"start":{"line":81,"column":8},"end":{"line":81,"column":9}},"loc":{"start":{"line":81,"column":22},"end":{"line":81,"column":66}},"line":81},"7":{"name":"(anonymous_7)","decl":{"start":{"line":83,"column":8},"end":{"line":83,"column":9}},"loc":{"start":{"line":83,"column":33},"end":{"line":88,"column":1}},"line":83},"8":{"name":"start","decl":{"start":{"line":91,"column":15},"end":{"line":91,"column":20}},"loc":{"start":{"line":91,"column":23},"end":{"line":120,"column":1}},"line":91},"9":{"name":"(anonymous_9)","decl":{"start":{"line":102,"column":30},"end":{"line":102,"column":31}},"loc":{"start":{"line":102,"column":35},"end":{"line":102,"column":86}},"line":102},"10":{"name":"(anonymous_10)","decl":{"start":{"line":110,"column":24},"end":{"line":110,"column":25}},"loc":{"start":{"line":110,"column":30},"end":{"line":115,"column":5}},"line":110}},"branchMap":{"0":{"loc":{"start":{"line":26,"column":12},"end":{"line":26,"column":63}},"type":"binary-expr","locations":[{"start":{"line":26,"column":12},"end":{"line":26,"column":36}},{"start":{"line":26,"column":40},"end":{"line":26,"column":63}}],"line":26},"1":{"loc":{"start":{"line":35,"column":2},"end":{"line":40,"column":3}},"type":"if","locations":[{"start":{"line":35,"column":2},"end":{"line":40,"column":3}},{"start":{},"end":{}}],"line":35},"2":{"loc":{"start":{"line":38,"column":38},"end":{"line":38,"column":81}},"type":"binary-expr","locations":[{"start":{"line":38,"column":38},"end":{"line":38,"column":60}},{"start":{"line":38,"column":64},"end":{"line":38,"column":81}}],"line":38},"3":{"loc":{"start":{"line":61,"column":0},"end":{"line":63,"column":1}},"type":"if","locations":[{"start":{"line":61,"column":0},"end":{"line":63,"column":1}},{"start":{},"end":{}}],"line":61},"4":{"loc":{"start":{"line":86,"column":11},"end":{"line":86,"column":88}},"type":"cond-expr","locations":[{"start":{"line":86,"column":51},"end":{"line":86,"column":74}},{"start":{"line":86,"column":77},"end":{"line":86,"column":88}}],"line":86},"5":{"loc":{"start":{"line":109,"column":17},"end":{"line":109,"column":41}},"type":"binary-expr","locations":[{"start":{"line":109,"column":17},"end":{"line":109,"column":33}},{"start":{"line":109,"column":37},"end":{"line":109,"column":41}}],"line":109},"6":{"loc":{"start":{"line":122,"column":0},"end":{"line":122,"column":45}},"type":"if","locations":[{"start":{"line":122,"column":0},"end":{"line":122,"column":45}},{"start":{},"end":{}}],"line":122}},"s":{"0":1,"1":1,"2":1,"3":1,"4":1,"5":1,"6":1,"7":1,"8":1,"9":1,"10":1,"11":1,"12":1,"13":1,"14":1,"15":1,"16":1,"17":1,"18":1,"19":1,"20":1,"21":0,"22":0,"23":0,"24":0,"25":0,"26":0,"27":1,"28":0,"29":0,"30":0,"31":0,"32":0,"33":1,"34":1,"35":1,"36":1,"37":1,"38":1,"39":1,"40":1,"41":1,"42":0,"43":0,"44":1,"45":1,"46":1,"47":1,"48":1,"49":1,"50":0,"51":1,"52":0,"53":1,"54":0,"55":0,"56":0,"57":0,"58":0,"59":0,"60":0,"61":0,"62":0,"63":0,"64":0,"65":0,"66":0,"67":0,"68":0,"69":0,"70":0,"71":0,"72":0,"73":0,"74":0,"75":1,"76":0,"77":1},"f":{"0":0,"1":0,"2":0,"3":0,"4":0,"5":0,"6":0,"7":0,"8":0,"9":0,"10":0},"b":{"0":[1,1],"1":[0,0],"2":[0,0],"3":[0,1],"4":[0,0],"5":[0,0],"6":[0,1]},"_coverageSchema":"1a1c01bbd47fc00a2c39e90264f33305004495a9","hash":"d8a06afb205af56dfade33dd3dd20e4fde306d90"}
,"/home/claude/starlink-pro/backend/src/middleware/auth.js": {"path":"/home/claude/starlink-pro/backend/src/middleware/auth.js","statementMap":{"0":{"start":{"line":1,"column":12},"end":{"line":1,"column":35}},"1":{"start":{"line":2,"column":18},"end":{"line":2,"column":46}},"2":{"start":{"line":3,"column":15},"end":{"line":3,"column":41}},"3":{"start":{"line":6,"column":21},"end":{"line":39,"column":1}},"4":{"start":{"line":7,"column":2},"end":{"line":38,"column":3}},"5":{"start":{"line":9,"column":19},"end":{"line":9,"column":43}},"6":{"start":{"line":10,"column":4},"end":{"line":10,"column":66}},"7":{"start":{"line":10,"column":16},"end":{"line":10,"column":66}},"8":{"start":{"line":13,"column":23},"end":{"line":13,"column":48}},"9":{"start":{"line":14,"column":4},"end":{"line":16,"column":5}},"10":{"start":{"line":15,"column":6},"end":{"line":15,"column":66}},"11":{"start":{"line":18,"column":18},"end":{"line":18,"column":42}},"12":{"start":{"line":19,"column":20},"end":{"line":19,"column":82}},"13":{"start":{"line":21,"column":21},"end":{"line":24,"column":5}},"14":{"start":{"line":26,"column":4},"end":{"line":28,"column":5}},"15":{"start":{"line":27,"column":6},"end":{"line":27,"column":75}},"16":{"start":{"line":30,"column":4},"end":{"line":30,"column":23}},"17":{"start":{"line":31,"column":4},"end":{"line":31,"column":49}},"18":{"start":{"line":32,"column":4},"end":{"line":32,"column":11}},"19":{"start":{"line":34,"column":4},"end":{"line":34,"column":98}},"20":{"start":{"line":34,"column":42},"end":{"line":34,"column":98}},"21":{"start":{"line":35,"column":4},"end":{"line":35,"column":98}},"22":{"start":{"line":35,"column":42},"end":{"line":35,"column":98}},"23":{"start":{"line":36,"column":4},"end":{"line":36,"column":56}},"24":{"start":{"line":37,"column":4},"end":{"line":37,"column":60}},"25":{"start":{"line":42,"column":27},"end":{"line":61,"column":1}},"26":{"start":{"line":43,"column":2},"end":{"line":60,"column":3}},"27":{"start":{"line":45,"column":4},"end":{"line":47,"column":5}},"28":{"start":{"line":46,"column":6},"end":{"line":46,"column":71}},"29":{"start":{"line":48,"column":21},"end":{"line":51,"column":5}},"30":{"start":{"line":52,"column":4},"end":{"line":54,"column":5}},"31":{"start":{"line":53,"column":6},"end":{"line":53,"column":76}},"32":{"start":{"line":55,"column":4},"end":{"line":55,"column":23}},"33":{"start":{"line":56,"column":4},"end":{"line":56,"column":11}},"34":{"start":{"line":58,"column":4},"end":{"line":58,"column":53}},"35":{"start":{"line":59,"column":4},"end":{"line":59,"column":60}},"36":{"start":{"line":64,"column":20},"end":{"line":70,"column":1}},"37":{"start":{"line":64,"column":34},"end":{"line":70,"column":1}},"38":{"start":{"line":65,"column":2},"end":{"line":65,"column":75}},"39":{"start":{"line":65,"column":17},"end":{"line":65,"column":75}},"40":{"start":{"line":66,"column":2},"end":{"line":68,"column":3}},"41":{"start":{"line":67,"column":4},"end":{"line":67,"column":83}},"42":{"start":{"line":69,"column":2},"end":{"line":69,"column":9}},"43":{"start":{"line":72,"column":19},"end":{"line":72,"column":39}},"44":{"start":{"line":73,"column":19},"end":{"line":73,"column":50}},"45":{"start":{"line":74,"column":19},"end":{"line":74,"column":60}},"46":{"start":{"line":77,"column":17},"end":{"line":85,"column":1}},"47":{"start":{"line":78,"column":2},"end":{"line":84,"column":12}},"48":{"start":{"line":79,"column":4},"end":{"line":83,"column":6}},"49":{"start":{"line":87,"column":0},"end":{"line":87,"column":87}}},"fnMap":{"0":{"name":"(anonymous_0)","decl":{"start":{"line":6,"column":21},"end":{"line":6,"column":22}},"loc":{"start":{"line":6,"column":47},"end":{"line":39,"column":1}},"line":6},"1":{"name":"(anonymous_1)","decl":{"start":{"line":42,"column":27},"end":{"line":42,"column":28}},"loc":{"start":{"line":42,"column":61},"end":{"line":61,"column":1}},"line":42},"2":{"name":"(anonymous_2)","decl":{"start":{"line":64,"column":20},"end":{"line":64,"column":21}},"loc":{"start":{"line":64,"column":34},"end":{"line":70,"column":1}},"line":64},"3":{"name":"(anonymous_3)","decl":{"start":{"line":64,"column":34},"end":{"line":64,"column":35}},"loc":{"start":{"line":64,"column":54},"end":{"line":70,"column":1}},"line":64},"4":{"name":"(anonymous_4)","decl":{"start":{"line":77,"column":17},"end":{"line":77,"column":18}},"loc":{"start":{"line":77,"column":48},"end":{"line":85,"column":1}},"line":77}},"branchMap":{"0":{"loc":{"start":{"line":10,"column":4},"end":{"line":10,"column":66}},"type":"if","locations":[{"start":{"line":10,"column":4},"end":{"line":10,"column":66}},{"start":{},"end":{}}],"line":10},"1":{"loc":{"start":{"line":14,"column":4},"end":{"line":16,"column":5}},"type":"if","locations":[{"start":{"line":14,"column":4},"end":{"line":16,"column":5}},{"start":{},"end":{}}],"line":14},"2":{"loc":{"start":{"line":19,"column":38},"end":{"line":19,"column":81}},"type":"binary-expr","locations":[{"start":{"line":19,"column":38},"end":{"line":19,"column":60}},{"start":{"line":19,"column":64},"end":{"line":19,"column":81}}],"line":19},"3":{"loc":{"start":{"line":26,"column":4},"end":{"line":28,"column":5}},"type":"if","locations":[{"start":{"line":26,"column":4},"end":{"line":28,"column":5}},{"start":{},"end":{}}],"line":26},"4":{"loc":{"start":{"line":26,"column":8},"end":{"line":26,"column":38}},"type":"binary-expr","locations":[{"start":{"line":26,"column":8},"end":{"line":26,"column":16}},{"start":{"line":26,"column":20},"end":{"line":26,"column":38}}],"line":26},"5":{"loc":{"start":{"line":34,"column":4},"end":{"line":34,"column":98}},"type":"if","locations":[{"start":{"line":34,"column":4},"end":{"line":34,"column":98}},{"start":{},"end":{}}],"line":34},"6":{"loc":{"start":{"line":35,"column":4},"end":{"line":35,"column":98}},"type":"if","locations":[{"start":{"line":35,"column":4},"end":{"line":35,"column":98}},{"start":{},"end":{}}],"line":35},"7":{"loc":{"start":{"line":45,"column":4},"end":{"line":47,"column":5}},"type":"if","locations":[{"start":{"line":45,"column":4},"end":{"line":47,"column":5}},{"start":{},"end":{}}],"line":45},"8":{"loc":{"start":{"line":52,"column":4},"end":{"line":54,"column":5}},"type":"if","locations":[{"start":{"line":52,"column":4},"end":{"line":54,"column":5}},{"start":{},"end":{}}],"line":52},"9":{"loc":{"start":{"line":52,"column":8},"end":{"line":52,"column":38}},"type":"binary-expr","locations":[{"start":{"line":52,"column":8},"end":{"line":52,"column":16}},{"start":{"line":52,"column":20},"end":{"line":52,"column":38}}],"line":52},"10":{"loc":{"start":{"line":65,"column":2},"end":{"line":65,"column":75}},"type":"if","locations":[{"start":{"line":65,"column":2},"end":{"line":65,"column":75}},{"start":{},"end":{}}],"line":65},"11":{"loc":{"start":{"line":66,"column":2},"end":{"line":68,"column":3}},"type":"if","locations":[{"start":{"line":66,"column":2},"end":{"line":68,"column":3}},{"start":{},"end":{}}],"line":66}},"s":{"0":1,"1":1,"2":1,"3":1,"4":6,"5":6,"6":6,"7":0,"8":6,"9":6,"10":3,"11":3,"12":3,"13":3,"14":3,"15":0,"16":3,"17":3,"18":3,"19":0,"20":0,"21":0,"22":0,"23":0,"24":0,"25":1,"26":0,"27":0,"28":0,"29":0,"30":0,"31":0,"32":0,"33":0,"34":0,"35":0,"36":1,"37":3,"38":0,"39":0,"40":0,"41":0,"42":0,"43":1,"44":1,"45":1,"46":1,"47":3,"48":3,"49":1},"f":{"0":6,"1":0,"2":3,"3":0,"4":3},"b":{"0":[0,6],"1":[3,3],"2":[3,0],"3":[0,3],"4":[3,3],"5":[0,0],"6":[0,0],"7":[0,0],"8":[0,0],"9":[0,0],"10":[0,0],"11":[0,0]},"_coverageSchema":"1a1c01bbd47fc00a2c39e90264f33305004495a9","hash":"d1e19d1c23f7561a715c654d8780913a9fcdf59d"}
,"/home/claude/starlink-pro/backend/src/middleware/security.js": {"path":"/home/claude/starlink-pro/backend/src/middleware/security.js","statementMap":{"0":{"start":{"line":1,"column":17},"end":{"line":1,"column":34}},"1":{"start":{"line":2,"column":18},"end":{"line":2,"column":47}},"2":{"start":{"line":3,"column":49},"end":{"line":3,"column":77}},"3":{"start":{"line":4,"column":17},"end":{"line":4,"column":32}},"4":{"start":{"line":5,"column":17},"end":{"line":5,"column":43}},"5":{"start":{"line":8,"column":21},"end":{"line":20,"column":2}},"6":{"start":{"line":23,"column":19},"end":{"line":36,"column":2}},"7":{"start":{"line":25,"column":20},"end":{"line":29,"column":5}},"8":{"start":{"line":30,"column":4},"end":{"line":30,"column":67}},"9":{"start":{"line":30,"column":45},"end":{"line":30,"column":67}},"10":{"start":{"line":31,"column":4},"end":{"line":31,"column":45}},"11":{"start":{"line":39,"column":22},"end":{"line":49,"column":2}},"12":{"start":{"line":46,"column":4},"end":{"line":46,"column":62}},"13":{"start":{"line":47,"column":4},"end":{"line":47,"column":42}},"14":{"start":{"line":51,"column":20},"end":{"line":56,"column":2}},"15":{"start":{"line":58,"column":19},"end":{"line":62,"column":2}},"16":{"start":{"line":65,"column":22},"end":{"line":92,"column":1}},"17":{"start":{"line":66,"column":19},"end":{"line":75,"column":3}},"18":{"start":{"line":67,"column":4},"end":{"line":67,"column":44}},"19":{"start":{"line":67,"column":33},"end":{"line":67,"column":44}},"20":{"start":{"line":69,"column":4},"end":{"line":74,"column":22}},"21":{"start":{"line":77,"column":23},"end":{"line":86,"column":3}},"22":{"start":{"line":78,"column":4},"end":{"line":78,"column":54}},"23":{"start":{"line":78,"column":33},"end":{"line":78,"column":54}},"24":{"start":{"line":79,"column":4},"end":{"line":79,"column":62}},"25":{"start":{"line":79,"column":33},"end":{"line":79,"column":62}},"26":{"start":{"line":80,"column":4},"end":{"line":84,"column":5}},"27":{"start":{"line":81,"column":6},"end":{"line":83,"column":8}},"28":{"start":{"line":82,"column":44},"end":{"line":82,"column":74}},"29":{"start":{"line":85,"column":4},"end":{"line":85,"column":15}},"30":{"start":{"line":88,"column":2},"end":{"line":88,"column":54}},"31":{"start":{"line":88,"column":18},"end":{"line":88,"column":54}},"32":{"start":{"line":89,"column":2},"end":{"line":89,"column":55}},"33":{"start":{"line":89,"column":18},"end":{"line":89,"column":55}},"34":{"start":{"line":90,"column":2},"end":{"line":90,"column":56}},"35":{"start":{"line":90,"column":18},"end":{"line":90,"column":56}},"36":{"start":{"line":91,"column":2},"end":{"line":91,"column":9}},"37":{"start":{"line":95,"column":22},"end":{"line":98,"column":1}},"38":{"start":{"line":100,"column":27},"end":{"line":109,"column":1}},"39":{"start":{"line":111,"column":31},"end":{"line":116,"column":1}},"40":{"start":{"line":118,"column":24},"end":{"line":120,"column":1}},"41":{"start":{"line":123,"column":25},"end":{"line":132,"column":1}},"42":{"start":{"line":124,"column":17},"end":{"line":124,"column":38}},"43":{"start":{"line":125,"column":2},"end":{"line":130,"column":3}},"44":{"start":{"line":126,"column":4},"end":{"line":129,"column":7}},"45":{"start":{"line":128,"column":40},"end":{"line":128,"column":73}},"46":{"start":{"line":131,"column":2},"end":{"line":131,"column":9}},"47":{"start":{"line":135,"column":27},"end":{"line":148,"column":1}},"48":{"start":{"line":136,"column":22},"end":{"line":136,"column":121}},"49":{"start":{"line":137,"column":16},"end":{"line":137,"column":73}},"50":{"start":{"line":137,"column":25},"end":{"line":137,"column":73}},"51":{"start":{"line":138,"column":20},"end":{"line":142,"column":3}},"52":{"start":{"line":143,"column":2},"end":{"line":146,"column":3}},"53":{"start":{"line":144,"column":4},"end":{"line":144,"column":69}},"54":{"start":{"line":145,"column":4},"end":{"line":145,"column":69}},"55":{"start":{"line":147,"column":2},"end":{"line":147,"column":9}},"56":{"start":{"line":150,"column":0},"end":{"line":163,"column":2}}},"fnMap":{"0":{"name":"(anonymous_0)","decl":{"start":{"line":24,"column":10},"end":{"line":24,"column":11}},"loc":{"start":{"line":24,"column":26},"end":{"line":32,"column":3}},"line":24},"1":{"name":"(anonymous_1)","decl":{"start":{"line":45,"column":11},"end":{"line":45,"column":12}},"loc":{"start":{"line":45,"column":40},"end":{"line":48,"column":3}},"line":45},"2":{"name":"(anonymous_2)","decl":{"start":{"line":65,"column":22},"end":{"line":65,"column":23}},"loc":{"start":{"line":65,"column":42},"end":{"line":92,"column":1}},"line":65},"3":{"name":"(anonymous_3)","decl":{"start":{"line":66,"column":19},"end":{"line":66,"column":20}},"loc":{"start":{"line":66,"column":28},"end":{"line":75,"column":3}},"line":66},"4":{"name":"(anonymous_4)","decl":{"start":{"line":77,"column":23},"end":{"line":77,"column":24}},"loc":{"start":{"line":77,"column":32},"end":{"line":86,"column":3}},"line":77},"5":{"name":"(anonymous_5)","decl":{"start":{"line":82,"column":32},"end":{"line":82,"column":33}},"loc":{"start":{"line":82,"column":44},"end":{"line":82,"column":74}},"line":82},"6":{"name":"(anonymous_6)","decl":{"start":{"line":123,"column":25},"end":{"line":123,"column":26}},"loc":{"start":{"line":123,"column":45},"end":{"line":132,"column":1}},"line":123},"7":{"name":"(anonymous_7)","decl":{"start":{"line":128,"column":34},"end":{"line":128,"column":35}},"loc":{"start":{"line":128,"column":40},"end":{"line":128,"column":73}},"line":128},"8":{"name":"(anonymous_8)","decl":{"start":{"line":135,"column":27},"end":{"line":135,"column":28}},"loc":{"start":{"line":135,"column":47},"end":{"line":148,"column":1}},"line":135},"9":{"name":"(anonymous_9)","decl":{"start":{"line":137,"column":16},"end":{"line":137,"column":17}},"loc":{"start":{"line":137,"column":25},"end":{"line":137,"column":73}},"line":137}},"branchMap":{"0":{"loc":{"start":{"line":26,"column":6},"end":{"line":26,"column":57}},"type":"binary-expr","locations":[{"start":{"line":26,"column":6},"end":{"line":26,"column":30}},{"start":{"line":26,"column":34},"end":{"line":26,"column":57}}],"line":26},"1":{"loc":{"start":{"line":30,"column":4},"end":{"line":30,"column":67}},"type":"if","locations":[{"start":{"line":30,"column":4},"end":{"line":30,"column":67}},{"start":{},"end":{}}],"line":30},"2":{"loc":{"start":{"line":30,"column":8},"end":{"line":30,"column":43}},"type":"binary-expr","locations":[{"start":{"line":30,"column":8},"end":{"line":30,"column":15}},{"start":{"line":30,"column":19},"end":{"line":30,"column":43}}],"line":30},"3":{"loc":{"start":{"line":40,"column":21},"end":{"line":40,"column":65}},"type":"binary-expr","locations":[{"start":{"line":40,"column":21},"end":{"line":40,"column":53}},{"start":{"line":40,"column":57},"end":{"line":40,"column":65}}],"line":40},"4":{"loc":{"start":{"line":41,"column":21},"end":{"line":41,"column":62}},"type":"binary-expr","locations":[{"start":{"line":41,"column":21},"end":{"line":41,"column":47}},{"start":{"line":41,"column":57},"end":{"line":41,"column":62}}],"line":41},"5":{"loc":{"start":{"line":53,"column":21},"end":{"line":53,"column":60}},"type":"binary-expr","locations":[{"start":{"line":53,"column":21},"end":{"line":53,"column":52}},{"start":{"line":53,"column":56},"end":{"line":53,"column":60}}],"line":53},"6":{"loc":{"start":{"line":67,"column":4},"end":{"line":67,"column":44}},"type":"if","locations":[{"start":{"line":67,"column":4},"end":{"line":67,"column":44}},{"start":{},"end":{}}],"line":67},"7":{"loc":{"start":{"line":78,"column":4},"end":{"line":78,"column":54}},"type":"if","locations":[{"start":{"line":78,"column":4},"end":{"line":78,"column":54}},{"start":{},"end":{}}],"line":78},"8":{"loc":{"start":{"line":79,"column":4},"end":{"line":79,"column":62}},"type":"if","locations":[{"start":{"line":79,"column":4},"end":{"line":79,"column":62}},{"start":{},"end":{}}],"line":79},"9":{"loc":{"start":{"line":80,"column":4},"end":{"line":84,"column":5}},"type":"if","locations":[{"start":{"line":80,"column":4},"end":{"line":84,"column":5}},{"start":{},"end":{}}],"line":80},"10":{"loc":{"start":{"line":80,"column":8},"end":{"line":80,"column":38}},"type":"binary-expr","locations":[{"start":{"line":80,"column":8},"end":{"line":80,"column":11}},{"start":{"line":80,"column":15},"end":{"line":80,"column":38}}],"line":80},"11":{"loc":{"start":{"line":88,"column":2},"end":{"line":88,"column":54}},"type":"if","locations":[{"start":{"line":88,"column":2},"end":{"line":88,"column":54}},{"start":{},"end":{}}],"line":88},"12":{"loc":{"start":{"line":89,"column":2},"end":{"line":89,"column":55}},"type":"if","locations":[{"start":{"line":89,"column":2},"end":{"line":89,"column":55}},{"start":{},"end":{}}],"line":89},"13":{"loc":{"start":{"line":90,"column":2},"end":{"line":90,"column":56}},"type":"if","locations":[{"start":{"line":90,"column":2},"end":{"line":90,"column":56}},{"start":{},"end":{}}],"line":90},"14":{"loc":{"start":{"line":125,"column":2},"end":{"line":130,"column":3}},"type":"if","locations":[{"start":{"line":125,"column":2},"end":{"line":130,"column":3}},{"start":{},"end":{}}],"line":125},"15":{"loc":{"start":{"line":137,"column":25},"end":{"line":137,"column":73}},"type":"binary-expr","locations":[{"start":{"line":137,"column":25},"end":{"line":137,"column":48}},{"start":{"line":137,"column":52},"end":{"line":137,"column":73}}],"line":137},"16":{"loc":{"start":{"line":139,"column":21},"end":{"line":139,"column":37}},"type":"binary-expr","locations":[{"start":{"line":139,"column":21},"end":{"line":139,"column":29}},{"start":{"line":139,"column":35},"end":{"line":139,"column":37}}],"line":139},"17":{"loc":{"start":{"line":140,"column":21},"end":{"line":140,"column":37}},"type":"binary-expr","locations":[{"start":{"line":140,"column":21},"end":{"line":140,"column":30}},{"start":{"line":140,"column":35},"end":{"line":140,"column":37}}],"line":140},"18":{"loc":{"start":{"line":141,"column":21},"end":{"line":141,"column":37}},"type":"binary-expr","locations":[{"start":{"line":141,"column":21},"end":{"line":141,"column":31}},{"start":{"line":141,"column":35},"end":{"line":141,"column":37}}],"line":141},"19":{"loc":{"start":{"line":143,"column":2},"end":{"line":146,"column":3}},"type":"if","locations":[{"start":{"line":143,"column":2},"end":{"line":146,"column":3}},{"start":{},"end":{}}],"line":143}},"s":{"0":1,"1":1,"2":1,"3":1,"4":1,"5":1,"6":1,"7":14,"8":14,"9":14,"10":0,"11":1,"12":0,"13":0,"14":1,"15":1,"16":1,"17":14,"18":32,"19":0,"20":32,"21":14,"22":58,"23":16,"24":42,"25":0,"26":42,"27":42,"28":16,"29":0,"30":14,"31":14,"32":14,"33":14,"34":14,"35":14,"36":14,"37":1,"38":1,"39":1,"40":1,"41":1,"42":10,"43":10,"44":6,"45":7,"46":4,"47":1,"48":14,"49":14,"50":16,"51":14,"52":14,"53":0,"54":0,"55":14,"56":1},"f":{"0":14,"1":0,"2":14,"3":32,"4":58,"5":16,"6":10,"7":7,"8":14,"9":16},"b":{"0":[14,14],"1":[14,0],"2":[14,0],"3":[1,1],"4":[1,1],"5":[1,1],"6":[0,32],"7":[16,42],"8":[0,42],"9":[42,0],"10":[42,42],"11":[14,0],"12":[14,0],"13":[14,0],"14":[6,4],"15":[16,16],"16":[14,0],"17":[14,0],"18":[14,0],"19":[0,14]},"_coverageSchema":"1a1c01bbd47fc00a2c39e90264f33305004495a9","hash":"50a1e84bd838e1fc09bd376bc3345d3a64643c27"}
,"/home/claude/starlink-pro/backend/src/routes/api.js": {"path":"/home/claude/starlink-pro/backend/src/routes/api.js","statementMap":{"0":{"start":{"line":1,"column":15},"end":{"line":1,"column":42}},"1":{"start":{"line":2,"column":18},"end":{"line":2,"column":46}},"2":{"start":{"line":3,"column":45},"end":{"line":3,"column":74}},"3":{"start":{"line":4,"column":82},"end":{"line":4,"column":115}},"4":{"start":{"line":5,"column":57},"end":{"line":5,"column":90}},"5":{"start":{"line":6,"column":41},"end":{"line":6,"column":80}},"6":{"start":{"line":7,"column":63},"end":{"line":7,"column":103}},"7":{"start":{"line":8,"column":15},"end":{"line":8,"column":41}},"8":{"start":{"line":15,"column":0},"end":{"line":53,"column":3}},"9":{"start":{"line":16,"column":2},"end":{"line":52,"column":3}},"10":{"start":{"line":17,"column":63},"end":{"line":17,"column":72}},"11":{"start":{"line":20,"column":14},"end":{"line":21,"column":56}},"12":{"start":{"line":22,"column":19},"end":{"line":22,"column":21}},"13":{"start":{"line":24,"column":4},"end":{"line":24,"column":81}},"14":{"start":{"line":24,"column":18},"end":{"line":24,"column":37}},"15":{"start":{"line":24,"column":39},"end":{"line":24,"column":79}},"16":{"start":{"line":25,"column":4},"end":{"line":25,"column":93}},"17":{"start":{"line":25,"column":18},"end":{"line":25,"column":45}},"18":{"start":{"line":25,"column":46},"end":{"line":25,"column":91}},"19":{"start":{"line":27,"column":4},"end":{"line":27,"column":83}},"20":{"start":{"line":28,"column":4},"end":{"line":28,"column":31}},"21":{"start":{"line":30,"column":33},"end":{"line":30,"column":57}},"22":{"start":{"line":33,"column":21},"end":{"line":33,"column":39}},"23":{"start":{"line":34,"column":19},"end":{"line":37,"column":7}},"24":{"start":{"line":34,"column":40},"end":{"line":37,"column":5}},"25":{"start":{"line":40,"column":19},"end":{"line":42,"column":14}},"26":{"start":{"line":41,"column":27},"end":{"line":41,"column":57}},"27":{"start":{"line":44,"column":4},"end":{"line":48,"column":7}},"28":{"start":{"line":50,"column":4},"end":{"line":50,"column":56}},"29":{"start":{"line":51,"column":4},"end":{"line":51,"column":66}},"30":{"start":{"line":56,"column":0},"end":{"line":63,"column":3}},"31":{"start":{"line":57,"column":19},"end":{"line":59,"column":3}},"32":{"start":{"line":60,"column":2},"end":{"line":60,"column":78}},"33":{"start":{"line":60,"column":16},"end":{"line":60,"column":78}},"34":{"start":{"line":61,"column":19},"end":{"line":61,"column":37}},"35":{"start":{"line":62,"column":2},"end":{"line":62,"column":76}},"36":{"start":{"line":66,"column":0},"end":{"line":70,"column":3}},"37":{"start":{"line":67,"column":16},"end":{"line":67,"column":64}},"38":{"start":{"line":68,"column":15},"end":{"line":68,"column":58}},"39":{"start":{"line":69,"column":2},"end":{"line":69,"column":66}},"40":{"start":{"line":73,"column":0},"end":{"line":81,"column":3}},"41":{"start":{"line":74,"column":2},"end":{"line":80,"column":3}},"42":{"start":{"line":75,"column":4},"end":{"line":75,"column":71}},"43":{"start":{"line":76,"column":23},"end":{"line":76,"column":42}},"44":{"start":{"line":77,"column":4},"end":{"line":77,"column":76}},"45":{"start":{"line":79,"column":4},"end":{"line":79,"column":49}},"46":{"start":{"line":84,"column":0},"end":{"line":98,"column":3}},"47":{"start":{"line":85,"column":20},"end":{"line":85,"column":38}},"48":{"start":{"line":86,"column":20},"end":{"line":86,"column":43}},"49":{"start":{"line":87,"column":20},"end":{"line":87,"column":69}},"50":{"start":{"line":87,"column":39},"end":{"line":87,"column":61}},"51":{"start":{"line":88,"column":20},"end":{"line":88,"column":69}},"52":{"start":{"line":88,"column":39},"end":{"line":88,"column":61}},"53":{"start":{"line":89,"column":20},"end":{"line":89,"column":70}},"54":{"start":{"line":89,"column":39},"end":{"line":89,"column":62}},"55":{"start":{"line":90,"column":20},"end":{"line":90,"column":82}},"56":{"start":{"line":90,"column":43},"end":{"line":90,"column":55}},"57":{"start":{"line":91,"column":20},"end":{"line":91,"column":83}},"58":{"start":{"line":91,"column":43},"end":{"line":91,"column":56}},"59":{"start":{"line":92,"column":2},"end":{"line":97,"column":5}},"60":{"start":{"line":104,"column":21},"end":{"line":104,"column":48}},"61":{"start":{"line":107,"column":0},"end":{"line":118,"column":3}},"62":{"start":{"line":108,"column":67},"end":{"line":108,"column":76}},"63":{"start":{"line":109,"column":12},"end":{"line":110,"column":67}},"64":{"start":{"line":111,"column":17},"end":{"line":111,"column":19}},"65":{"start":{"line":112,"column":2},"end":{"line":112,"column":84}},"66":{"start":{"line":112,"column":18},"end":{"line":112,"column":38}},"67":{"start":{"line":112,"column":41},"end":{"line":112,"column":82}},"68":{"start":{"line":113,"column":2},"end":{"line":113,"column":86}},"69":{"start":{"line":113,"column":18},"end":{"line":113,"column":40}},"70":{"start":{"line":113,"column":41},"end":{"line":113,"column":84}},"71":{"start":{"line":114,"column":2},"end":{"line":114,"column":94}},"72":{"start":{"line":115,"column":2},"end":{"line":115,"column":29}},"73":{"start":{"line":116,"column":19},"end":{"line":116,"column":43}},"74":{"start":{"line":117,"column":2},"end":{"line":117,"column":49}},"75":{"start":{"line":121,"column":0},"end":{"line":129,"column":3}},"76":{"start":{"line":122,"column":19},"end":{"line":126,"column":3}},"77":{"start":{"line":127,"column":2},"end":{"line":127,"column":74}},"78":{"start":{"line":127,"column":16},"end":{"line":127,"column":74}},"79":{"start":{"line":128,"column":2},"end":{"line":128,"column":20}},"80":{"start":{"line":132,"column":0},"end":{"line":139,"column":3}},"81":{"start":{"line":133,"column":19},"end":{"line":136,"column":3}},"82":{"start":{"line":137,"column":2},"end":{"line":137,"column":74}},"83":{"start":{"line":137,"column":16},"end":{"line":137,"column":74}},"84":{"start":{"line":138,"column":2},"end":{"line":138,"column":20}},"85":{"start":{"line":145,"column":21},"end":{"line":145,"column":48}},"86":{"start":{"line":148,"column":0},"end":{"line":151,"column":3}},"87":{"start":{"line":149,"column":17},"end":{"line":149,"column":40}},"88":{"start":{"line":150,"column":2},"end":{"line":150,"column":68}},"89":{"start":{"line":154,"column":0},"end":{"line":157,"column":3}},"90":{"start":{"line":155,"column":15},"end":{"line":155,"column":80}},"91":{"start":{"line":156,"column":2},"end":{"line":156,"column":17}},"92":{"start":{"line":160,"column":0},"end":{"line":162,"column":3}},"93":{"start":{"line":161,"column":2},"end":{"line":161,"column":36}},"94":{"start":{"line":168,"column":24},"end":{"line":168,"column":51}},"95":{"start":{"line":170,"column":0},"end":{"line":173,"column":3}},"96":{"start":{"line":171,"column":15},"end":{"line":171,"column":33}},"97":{"start":{"line":172,"column":2},"end":{"line":172,"column":102}},"98":{"start":{"line":175,"column":0},"end":{"line":188,"column":3}},"99":{"start":{"line":176,"column":15},"end":{"line":176,"column":48}},"100":{"start":{"line":177,"column":16},"end":{"line":186,"column":3}},"101":{"start":{"line":179,"column":34},"end":{"line":179,"column":54}},"102":{"start":{"line":180,"column":34},"end":{"line":180,"column":54}},"103":{"start":{"line":181,"column":34},"end":{"line":181,"column":55}},"104":{"start":{"line":182,"column":48},"end":{"line":182,"column":58}},"105":{"start":{"line":183,"column":48},"end":{"line":183,"column":59}},"106":{"start":{"line":184,"column":48},"end":{"line":184,"column":56}},"107":{"start":{"line":185,"column":48},"end":{"line":185,"column":59}},"108":{"start":{"line":187,"column":2},"end":{"line":187,"column":18}},"109":{"start":{"line":190,"column":0},"end":{"line":190,"column":91}}},"fnMap":{"0":{"name":"(anonymous_0)","decl":{"start":{"line":15,"column":72},"end":{"line":15,"column":73}},"loc":{"start":{"line":15,"column":92},"end":{"line":53,"column":1}},"line":15},"1":{"name":"(anonymous_1)","decl":{"start":{"line":34,"column":34},"end":{"line":34,"column":35}},"loc":{"start":{"line":34,"column":40},"end":{"line":37,"column":5}},"line":34},"2":{"name":"(anonymous_2)","decl":{"start":{"line":41,"column":22},"end":{"line":41,"column":23}},"loc":{"start":{"line":41,"column":27},"end":{"line":41,"column":57}},"line":41},"3":{"name":"(anonymous_3)","decl":{"start":{"line":56,"column":73},"end":{"line":56,"column":74}},"loc":{"start":{"line":56,"column":93},"end":{"line":63,"column":1}},"line":56},"4":{"name":"(anonymous_4)","decl":{"start":{"line":66,"column":81},"end":{"line":66,"column":82}},"loc":{"start":{"line":66,"column":101},"end":{"line":70,"column":1}},"line":66},"5":{"name":"(anonymous_5)","decl":{"start":{"line":73,"column":63},"end":{"line":73,"column":64}},"loc":{"start":{"line":73,"column":83},"end":{"line":81,"column":1}},"line":73},"6":{"name":"(anonymous_6)","decl":{"start":{"line":84,"column":51},"end":{"line":84,"column":52}},"loc":{"start":{"line":84,"column":71},"end":{"line":98,"column":1}},"line":84},"7":{"name":"(anonymous_7)","decl":{"start":{"line":87,"column":34},"end":{"line":87,"column":35}},"loc":{"start":{"line":87,"column":39},"end":{"line":87,"column":61}},"line":87},"8":{"name":"(anonymous_8)","decl":{"start":{"line":88,"column":34},"end":{"line":88,"column":35}},"loc":{"start":{"line":88,"column":39},"end":{"line":88,"column":61}},"line":88},"9":{"name":"(anonymous_9)","decl":{"start":{"line":89,"column":34},"end":{"line":89,"column":35}},"loc":{"start":{"line":89,"column":39},"end":{"line":89,"column":62}},"line":89},"10":{"name":"(anonymous_10)","decl":{"start":{"line":90,"column":34},"end":{"line":90,"column":35}},"loc":{"start":{"line":90,"column":43},"end":{"line":90,"column":55}},"line":90},"11":{"name":"(anonymous_11)","decl":{"start":{"line":91,"column":34},"end":{"line":91,"column":35}},"loc":{"start":{"line":91,"column":43},"end":{"line":91,"column":56}},"line":91},"12":{"name":"(anonymous_12)","decl":{"start":{"line":107,"column":36},"end":{"line":107,"column":37}},"loc":{"start":{"line":107,"column":56},"end":{"line":118,"column":1}},"line":107},"13":{"name":"(anonymous_13)","decl":{"start":{"line":121,"column":63},"end":{"line":121,"column":64}},"loc":{"start":{"line":121,"column":83},"end":{"line":129,"column":1}},"line":121},"14":{"name":"(anonymous_14)","decl":{"start":{"line":132,"column":59},"end":{"line":132,"column":60}},"loc":{"start":{"line":132,"column":79},"end":{"line":139,"column":1}},"line":132},"15":{"name":"(anonymous_15)","decl":{"start":{"line":148,"column":22},"end":{"line":148,"column":23}},"loc":{"start":{"line":148,"column":42},"end":{"line":151,"column":1}},"line":148},"16":{"name":"(anonymous_16)","decl":{"start":{"line":154,"column":43},"end":{"line":154,"column":44}},"loc":{"start":{"line":154,"column":63},"end":{"line":157,"column":1}},"line":154},"17":{"name":"(anonymous_17)","decl":{"start":{"line":160,"column":50},"end":{"line":160,"column":51}},"loc":{"start":{"line":160,"column":70},"end":{"line":162,"column":1}},"line":160},"18":{"name":"(anonymous_18)","decl":{"start":{"line":170,"column":43},"end":{"line":170,"column":44}},"loc":{"start":{"line":170,"column":57},"end":{"line":173,"column":1}},"line":170},"19":{"name":"(anonymous_19)","decl":{"start":{"line":175,"column":44},"end":{"line":175,"column":45}},"loc":{"start":{"line":175,"column":58},"end":{"line":188,"column":1}},"line":175},"20":{"name":"(anonymous_20)","decl":{"start":{"line":179,"column":29},"end":{"line":179,"column":30}},"loc":{"start":{"line":179,"column":34},"end":{"line":179,"column":54}},"line":179},"21":{"name":"(anonymous_21)","decl":{"start":{"line":180,"column":29},"end":{"line":180,"column":30}},"loc":{"start":{"line":180,"column":34},"end":{"line":180,"column":54}},"line":180},"22":{"name":"(anonymous_22)","decl":{"start":{"line":181,"column":29},"end":{"line":181,"column":30}},"loc":{"start":{"line":181,"column":34},"end":{"line":181,"column":55}},"line":181},"23":{"name":"(anonymous_23)","decl":{"start":{"line":182,"column":41},"end":{"line":182,"column":42}},"loc":{"start":{"line":182,"column":48},"end":{"line":182,"column":58}},"line":182},"24":{"name":"(anonymous_24)","decl":{"start":{"line":183,"column":41},"end":{"line":183,"column":42}},"loc":{"start":{"line":183,"column":48},"end":{"line":183,"column":59}},"line":183},"25":{"name":"(anonymous_25)","decl":{"start":{"line":184,"column":41},"end":{"line":184,"column":42}},"loc":{"start":{"line":184,"column":48},"end":{"line":184,"column":56}},"line":184},"26":{"name":"(anonymous_26)","decl":{"start":{"line":185,"column":41},"end":{"line":185,"column":42}},"loc":{"start":{"line":185,"column":48},"end":{"line":185,"column":59}},"line":185}},"branchMap":{"0":{"loc":{"start":{"line":17,"column":12},"end":{"line":17,"column":23}},"type":"default-arg","locations":[{"start":{"line":17,"column":20},"end":{"line":17,"column":23}}],"line":17},"1":{"loc":{"start":{"line":17,"column":25},"end":{"line":17,"column":35}},"type":"default-arg","locations":[{"start":{"line":17,"column":34},"end":{"line":17,"column":35}}],"line":17},"2":{"loc":{"start":{"line":24,"column":4},"end":{"line":24,"column":81}},"type":"if","locations":[{"start":{"line":24,"column":4},"end":{"line":24,"column":81}},{"start":{},"end":{}}],"line":24},"3":{"loc":{"start":{"line":25,"column":4},"end":{"line":25,"column":93}},"type":"if","locations":[{"start":{"line":25,"column":4},"end":{"line":25,"column":93}},{"start":{},"end":{}}],"line":25},"4":{"loc":{"start":{"line":36,"column":17},"end":{"line":36,"column":45}},"type":"binary-expr","locations":[{"start":{"line":36,"column":17},"end":{"line":36,"column":37}},{"start":{"line":36,"column":41},"end":{"line":36,"column":45}}],"line":36},"5":{"loc":{"start":{"line":40,"column":19},"end":{"line":42,"column":14}},"type":"cond-expr","locations":[{"start":{"line":41,"column":8},"end":{"line":41,"column":58}},{"start":{"line":42,"column":8},"end":{"line":42,"column":14}}],"line":40},"6":{"loc":{"start":{"line":60,"column":2},"end":{"line":60,"column":78}},"type":"if","locations":[{"start":{"line":60,"column":2},"end":{"line":60,"column":78}},{"start":{},"end":{}}],"line":60},"7":{"loc":{"start":{"line":62,"column":36},"end":{"line":62,"column":72}},"type":"binary-expr","locations":[{"start":{"line":62,"column":36},"end":{"line":62,"column":64}},{"start":{"line":62,"column":68},"end":{"line":62,"column":72}}],"line":62},"8":{"loc":{"start":{"line":67,"column":34},"end":{"line":67,"column":57}},"type":"binary-expr","locations":[{"start":{"line":67,"column":34},"end":{"line":67,"column":49}},{"start":{"line":67,"column":53},"end":{"line":67,"column":57}}],"line":67},"9":{"loc":{"start":{"line":90,"column":63},"end":{"line":90,"column":81}},"type":"binary-expr","locations":[{"start":{"line":90,"column":63},"end":{"line":90,"column":76}},{"start":{"line":90,"column":80},"end":{"line":90,"column":81}}],"line":90},"10":{"loc":{"start":{"line":91,"column":64},"end":{"line":91,"column":82}},"type":"binary-expr","locations":[{"start":{"line":91,"column":64},"end":{"line":91,"column":77}},{"start":{"line":91,"column":81},"end":{"line":91,"column":82}}],"line":91},"11":{"loc":{"start":{"line":108,"column":10},"end":{"line":108,"column":27}},"type":"default-arg","locations":[{"start":{"line":108,"column":19},"end":{"line":108,"column":27}}],"line":108},"12":{"loc":{"start":{"line":108,"column":39},"end":{"line":108,"column":50}},"type":"default-arg","locations":[{"start":{"line":108,"column":47},"end":{"line":108,"column":50}}],"line":108},"13":{"loc":{"start":{"line":108,"column":52},"end":{"line":108,"column":62}},"type":"default-arg","locations":[{"start":{"line":108,"column":61},"end":{"line":108,"column":62}}],"line":108},"14":{"loc":{"start":{"line":112,"column":2},"end":{"line":112,"column":84}},"type":"if","locations":[{"start":{"line":112,"column":2},"end":{"line":112,"column":84}},{"start":{},"end":{}}],"line":112},"15":{"loc":{"start":{"line":113,"column":2},"end":{"line":113,"column":86}},"type":"if","locations":[{"start":{"line":113,"column":2},"end":{"line":113,"column":86}},{"start":{},"end":{}}],"line":113},"16":{"loc":{"start":{"line":127,"column":2},"end":{"line":127,"column":74}},"type":"if","locations":[{"start":{"line":127,"column":2},"end":{"line":127,"column":74}},{"start":{},"end":{}}],"line":127},"17":{"loc":{"start":{"line":137,"column":2},"end":{"line":137,"column":74}},"type":"if","locations":[{"start":{"line":137,"column":2},"end":{"line":137,"column":74}},{"start":{},"end":{}}],"line":137},"18":{"loc":{"start":{"line":150,"column":13},"end":{"line":150,"column":53}},"type":"cond-expr","locations":[{"start":{"line":150,"column":44},"end":{"line":150,"column":47}},{"start":{"line":150,"column":50},"end":{"line":150,"column":53}}],"line":150},"19":{"loc":{"start":{"line":155,"column":57},"end":{"line":155,"column":79}},"type":"binary-expr","locations":[{"start":{"line":155,"column":57},"end":{"line":155,"column":72}},{"start":{"line":155,"column":76},"end":{"line":155,"column":79}}],"line":155},"20":{"loc":{"start":{"line":182,"column":63},"end":{"line":182,"column":77}},"type":"binary-expr","locations":[{"start":{"line":182,"column":63},"end":{"line":182,"column":74}},{"start":{"line":182,"column":76},"end":{"line":182,"column":77}}],"line":182},"21":{"loc":{"start":{"line":183,"column":64},"end":{"line":183,"column":78}},"type":"binary-expr","locations":[{"start":{"line":183,"column":64},"end":{"line":183,"column":75}},{"start":{"line":183,"column":77},"end":{"line":183,"column":78}}],"line":183},"22":{"loc":{"start":{"line":184,"column":61},"end":{"line":184,"column":75}},"type":"binary-expr","locations":[{"start":{"line":184,"column":61},"end":{"line":184,"column":72}},{"start":{"line":184,"column":74},"end":{"line":184,"column":75}}],"line":184},"23":{"loc":{"start":{"line":185,"column":64},"end":{"line":185,"column":78}},"type":"binary-expr","locations":[{"start":{"line":185,"column":64},"end":{"line":185,"column":75}},{"start":{"line":185,"column":77},"end":{"line":185,"column":78}}],"line":185}},"s":{"0":1,"1":1,"2":1,"3":1,"4":1,"5":1,"6":1,"7":1,"8":1,"9":1,"10":1,"11":1,"12":1,"13":1,"14":0,"15":0,"16":1,"17":0,"18":0,"19":1,"20":1,"21":1,"22":1,"23":1,"24":2,"25":1,"26":0,"27":1,"28":0,"29":0,"30":1,"31":0,"32":0,"33":0,"34":0,"35":0,"36":1,"37":0,"38":0,"39":0,"40":1,"41":0,"42":0,"43":0,"44":0,"45":0,"46":1,"47":0,"48":0,"49":0,"50":0,"51":0,"52":0,"53":0,"54":0,"55":0,"56":0,"57":0,"58":0,"59":0,"60":1,"61":1,"62":0,"63":0,"64":0,"65":0,"66":0,"67":0,"68":0,"69":0,"70":0,"71":0,"72":0,"73":0,"74":0,"75":1,"76":0,"77":0,"78":0,"79":0,"80":1,"81":0,"82":0,"83":0,"84":0,"85":1,"86":1,"87":1,"88":1,"89":1,"90":0,"91":0,"92":1,"93":0,"94":1,"95":1,"96":0,"97":0,"98":1,"99":0,"100":0,"101":0,"102":0,"103":0,"104":0,"105":0,"106":0,"107":0,"108":0,"109":1},"f":{"0":1,"1":2,"2":0,"3":0,"4":0,"5":0,"6":0,"7":0,"8":0,"9":0,"10":0,"11":0,"12":0,"13":0,"14":0,"15":1,"16":0,"17":0,"18":0,"19":0,"20":0,"21":0,"22":0,"23":0,"24":0,"25":0,"26":0},"b":{"0":[1],"1":[1],"2":[0,1],"3":[0,1],"4":[2,2],"5":[0,1],"6":[0,0],"7":[0,0],"8":[0,0],"9":[0,0],"10":[0,0],"11":[0],"12":[0],"13":[0],"14":[0,0],"15":[0,0],"16":[0,0],"17":[0,0],"18":[1,0],"19":[0,0],"20":[0,0],"21":[0,0],"22":[0,0],"23":[0,0]},"_coverageSchema":"1a1c01bbd47fc00a2c39e90264f33305004495a9","hash":"339101648acce10ee365c1884b12734206175eec"}
,"/home/claude/starlink-pro/backend/src/routes/auth.js": {"path":"/home/claude/starlink-pro/backend/src/routes/auth.js","statementMap":{"0":{"start":{"line":1,"column":16},"end":{"line":1,"column":43}},"1":{"start":{"line":2,"column":16},"end":{"line":2,"column":35}},"2":{"start":{"line":3,"column":16},"end":{"line":3,"column":39}},"3":{"start":{"line":4,"column":16},"end":{"line":4,"column":33}},"4":{"start":{"line":5,"column":18},"end":{"line":5,"column":46}},"5":{"start":{"line":6,"column":25},"end":{"line":6,"column":54}},"6":{"start":{"line":7,"column":77},"end":{"line":7,"column":110}},"7":{"start":{"line":8,"column":16},"end":{"line":8,"column":42}},"8":{"start":{"line":10,"column":13},"end":{"line":11,"column":42}},"9":{"start":{"line":11,"column":2},"end":{"line":11,"column":42}},"10":{"start":{"line":14,"column":0},"end":{"line":46,"column":3}},"11":{"start":{"line":15,"column":2},"end":{"line":45,"column":3}},"12":{"start":{"line":16,"column":32},"end":{"line":16,"column":40}},"13":{"start":{"line":17,"column":21},"end":{"line":19,"column":5}},"14":{"start":{"line":20,"column":17},"end":{"line":20,"column":24}},"15":{"start":{"line":21,"column":4},"end":{"line":23,"column":5}},"16":{"start":{"line":22,"column":6},"end":{"line":22,"column":68}},"17":{"start":{"line":25,"column":25},"end":{"line":25,"column":148}},"18":{"start":{"line":26,"column":25},"end":{"line":26,"column":146}},"19":{"start":{"line":29,"column":22},"end":{"line":29,"column":75}},"20":{"start":{"line":30,"column":4},"end":{"line":33,"column":6}},"21":{"start":{"line":35,"column":4},"end":{"line":35,"column":76}},"22":{"start":{"line":37,"column":4},"end":{"line":37,"column":65}},"23":{"start":{"line":38,"column":4},"end":{"line":41,"column":7}},"24":{"start":{"line":43,"column":4},"end":{"line":43,"column":46}},"25":{"start":{"line":44,"column":4},"end":{"line":44,"column":52}},"26":{"start":{"line":49,"column":0},"end":{"line":69,"column":3}},"27":{"start":{"line":50,"column":2},"end":{"line":68,"column":3}},"28":{"start":{"line":51,"column":29},"end":{"line":51,"column":37}},"29":{"start":{"line":52,"column":4},"end":{"line":52,"column":82}},"30":{"start":{"line":52,"column":23},"end":{"line":52,"column":82}},"31":{"start":{"line":54,"column":20},"end":{"line":54,"column":96}},"32":{"start":{"line":55,"column":21},"end":{"line":58,"column":5}},"33":{"start":{"line":59,"column":4},"end":{"line":59,"column":93}},"34":{"start":{"line":59,"column":18},"end":{"line":59,"column":93}},"35":{"start":{"line":61,"column":29},"end":{"line":61,"column":112}},"36":{"start":{"line":62,"column":4},"end":{"line":62,"column":72}},"37":{"start":{"line":62,"column":15},"end":{"line":62,"column":72}},"38":{"start":{"line":64,"column":24},"end":{"line":64,"column":117}},"39":{"start":{"line":65,"column":4},"end":{"line":65,"column":30}},"40":{"start":{"line":67,"column":4},"end":{"line":67,"column":60}},"41":{"start":{"line":72,"column":0},"end":{"line":80,"column":3}},"42":{"start":{"line":73,"column":2},"end":{"line":79,"column":3}},"43":{"start":{"line":74,"column":29},"end":{"line":74,"column":37}},"44":{"start":{"line":75,"column":4},"end":{"line":75,"column":95}},"45":{"start":{"line":75,"column":22},"end":{"line":75,"column":95}},"46":{"start":{"line":76,"column":4},"end":{"line":76,"column":40}},"47":{"start":{"line":78,"column":4},"end":{"line":78,"column":53}},"48":{"start":{"line":83,"column":0},"end":{"line":89,"column":3}},"49":{"start":{"line":84,"column":19},"end":{"line":87,"column":3}},"50":{"start":{"line":88,"column":2},"end":{"line":88,"column":20}},"51":{"start":{"line":92,"column":0},"end":{"line":96,"column":3}},"52":{"start":{"line":93,"column":17},"end":{"line":93,"column":80}},"53":{"start":{"line":94,"column":2},"end":{"line":94,"column":80}},"54":{"start":{"line":95,"column":2},"end":{"line":95,"column":31}},"55":{"start":{"line":98,"column":0},"end":{"line":98,"column":24}}},"fnMap":{"0":{"name":"(anonymous_0)","decl":{"start":{"line":10,"column":13},"end":{"line":10,"column":14}},"loc":{"start":{"line":11,"column":2},"end":{"line":11,"column":42}},"line":11},"1":{"name":"(anonymous_1)","decl":{"start":{"line":14,"column":68},"end":{"line":14,"column":69}},"loc":{"start":{"line":14,"column":88},"end":{"line":46,"column":1}},"line":14},"2":{"name":"(anonymous_2)","decl":{"start":{"line":49,"column":24},"end":{"line":49,"column":25}},"loc":{"start":{"line":49,"column":44},"end":{"line":69,"column":1}},"line":49},"3":{"name":"(anonymous_3)","decl":{"start":{"line":72,"column":37},"end":{"line":72,"column":38}},"loc":{"start":{"line":72,"column":57},"end":{"line":80,"column":1}},"line":72},"4":{"name":"(anonymous_4)","decl":{"start":{"line":83,"column":32},"end":{"line":83,"column":33}},"loc":{"start":{"line":83,"column":52},"end":{"line":89,"column":1}},"line":83},"5":{"name":"(anonymous_5)","decl":{"start":{"line":92,"column":45},"end":{"line":92,"column":46}},"loc":{"start":{"line":92,"column":65},"end":{"line":96,"column":1}},"line":92}},"branchMap":{"0":{"loc":{"start":{"line":21,"column":4},"end":{"line":23,"column":5}},"type":"if","locations":[{"start":{"line":21,"column":4},"end":{"line":23,"column":5}},{"start":{},"end":{}}],"line":21},"1":{"loc":{"start":{"line":21,"column":8},"end":{"line":21,"column":65}},"type":"binary-expr","locations":[{"start":{"line":21,"column":8},"end":{"line":21,"column":13}},{"start":{"line":21,"column":17},"end":{"line":21,"column":65}}],"line":21},"2":{"loc":{"start":{"line":25,"column":68},"end":{"line":25,"column":111}},"type":"binary-expr","locations":[{"start":{"line":25,"column":68},"end":{"line":25,"column":90}},{"start":{"line":25,"column":94},"end":{"line":25,"column":111}}],"line":25},"3":{"loc":{"start":{"line":25,"column":113},"end":{"line":25,"column":147}},"type":"binary-expr","locations":[{"start":{"line":25,"column":113},"end":{"line":25,"column":139}},{"start":{"line":25,"column":143},"end":{"line":25,"column":147}}],"line":25},"4":{"loc":{"start":{"line":26,"column":51},"end":{"line":26,"column":101}},"type":"binary-expr","locations":[{"start":{"line":26,"column":51},"end":{"line":26,"column":81}},{"start":{"line":26,"column":85},"end":{"line":26,"column":101}}],"line":26},"5":{"loc":{"start":{"line":26,"column":103},"end":{"line":26,"column":145}},"type":"binary-expr","locations":[{"start":{"line":26,"column":103},"end":{"line":26,"column":137}},{"start":{"line":26,"column":141},"end":{"line":26,"column":145}}],"line":26},"6":{"loc":{"start":{"line":52,"column":4},"end":{"line":52,"column":82}},"type":"if","locations":[{"start":{"line":52,"column":4},"end":{"line":52,"column":82}},{"start":{},"end":{}}],"line":52},"7":{"loc":{"start":{"line":54,"column":45},"end":{"line":54,"column":95}},"type":"binary-expr","locations":[{"start":{"line":54,"column":45},"end":{"line":54,"column":75}},{"start":{"line":54,"column":79},"end":{"line":54,"column":95}}],"line":54},"8":{"loc":{"start":{"line":59,"column":4},"end":{"line":59,"column":93}},"type":"if","locations":[{"start":{"line":59,"column":4},"end":{"line":59,"column":93}},{"start":{},"end":{}}],"line":59},"9":{"loc":{"start":{"line":62,"column":4},"end":{"line":62,"column":72}},"type":"if","locations":[{"start":{"line":62,"column":4},"end":{"line":62,"column":72}},{"start":{},"end":{}}],"line":62},"10":{"loc":{"start":{"line":64,"column":67},"end":{"line":64,"column":110}},"type":"binary-expr","locations":[{"start":{"line":64,"column":67},"end":{"line":64,"column":89}},{"start":{"line":64,"column":93},"end":{"line":64,"column":110}}],"line":64},"11":{"loc":{"start":{"line":75,"column":4},"end":{"line":75,"column":95}},"type":"if","locations":[{"start":{"line":75,"column":4},"end":{"line":75,"column":95}},{"start":{},"end":{}}],"line":75}},"s":{"0":1,"1":1,"2":1,"3":1,"4":1,"5":1,"6":1,"7":1,"8":1,"9":2,"10":1,"11":3,"12":3,"13":3,"14":3,"15":3,"16":2,"17":1,"18":1,"19":1,"20":1,"21":1,"22":1,"23":1,"24":0,"25":0,"26":1,"27":0,"28":0,"29":0,"30":0,"31":0,"32":0,"33":0,"34":0,"35":0,"36":0,"37":0,"38":0,"39":0,"40":0,"41":1,"42":0,"43":0,"44":0,"45":0,"46":0,"47":0,"48":1,"49":0,"50":0,"51":1,"52":0,"53":0,"54":0,"55":1},"f":{"0":2,"1":3,"2":0,"3":0,"4":0,"5":0},"b":{"0":[2,1],"1":[3,1],"2":[1,0],"3":[1,1],"4":[1,0],"5":[1,1],"6":[0,0],"7":[0,0],"8":[0,0],"9":[0,0],"10":[0,0],"11":[0,0]},"_coverageSchema":"1a1c01bbd47fc00a2c39e90264f33305004495a9","hash":"a21735d704dfd4b93bd8d9abd583b3f7f32f0ffe"}
,"/home/claude/starlink-pro/backend/src/routes/graphql.js": {"path":"/home/claude/starlink-pro/backend/src/routes/graphql.js","statementMap":{"0":{"start":{"line":1,"column":24},"end":{"line":1,"column":42}},"1":{"start":{"line":2,"column":18},"end":{"line":2,"column":46}},"2":{"start":{"line":3,"column":44},"end":{"line":3,"column":77}},"3":{"start":{"line":4,"column":41},"end":{"line":4,"column":80}},"4":{"start":{"line":7,"column":15},"end":{"line":86,"column":2}},"5":{"start":{"line":89,"column":13},"end":{"line":171,"column":1}},"6":{"start":{"line":91,"column":21},"end":{"line":91,"column":89}},"7":{"start":{"line":92,"column":4},"end":{"line":92,"column":30}},"8":{"start":{"line":92,"column":18},"end":{"line":92,"column":30}},"9":{"start":{"line":93,"column":17},"end":{"line":93,"column":35}},"10":{"start":{"line":94,"column":4},"end":{"line":94,"column":149}},"11":{"start":{"line":98,"column":14},"end":{"line":98,"column":61}},"12":{"start":{"line":99,"column":19},"end":{"line":99,"column":21}},"13":{"start":{"line":100,"column":4},"end":{"line":100,"column":77}},"14":{"start":{"line":100,"column":17},"end":{"line":100,"column":36}},"15":{"start":{"line":100,"column":37},"end":{"line":100,"column":75}},"16":{"start":{"line":101,"column":4},"end":{"line":101,"column":67}},"17":{"start":{"line":102,"column":4},"end":{"line":102,"column":46}},"18":{"start":{"line":103,"column":21},"end":{"line":103,"column":45}},"19":{"start":{"line":104,"column":17},"end":{"line":104,"column":35}},"20":{"start":{"line":105,"column":19},"end":{"line":108,"column":7}},"21":{"start":{"line":105,"column":34},"end":{"line":108,"column":5}},"22":{"start":{"line":109,"column":4},"end":{"line":109,"column":80}},"23":{"start":{"line":109,"column":39},"end":{"line":109,"column":69}},"24":{"start":{"line":113,"column":17},"end":{"line":113,"column":50}},"25":{"start":{"line":114,"column":4},"end":{"line":121,"column":6}},"26":{"start":{"line":116,"column":35},"end":{"line":116,"column":55}},"27":{"start":{"line":117,"column":35},"end":{"line":117,"column":55}},"28":{"start":{"line":118,"column":35},"end":{"line":118,"column":56}},"29":{"start":{"line":119,"column":49},"end":{"line":119,"column":59}},"30":{"start":{"line":120,"column":49},"end":{"line":120,"column":60}},"31":{"start":{"line":125,"column":14},"end":{"line":125,"column":46}},"32":{"start":{"line":126,"column":19},"end":{"line":126,"column":21}},"33":{"start":{"line":127,"column":4},"end":{"line":127,"column":84}},"34":{"start":{"line":127,"column":20},"end":{"line":127,"column":40}},"35":{"start":{"line":127,"column":43},"end":{"line":127,"column":82}},"36":{"start":{"line":128,"column":4},"end":{"line":128,"column":86}},"37":{"start":{"line":128,"column":20},"end":{"line":128,"column":42}},"38":{"start":{"line":128,"column":43},"end":{"line":128,"column":84}},"39":{"start":{"line":129,"column":4},"end":{"line":129,"column":67}},"40":{"start":{"line":130,"column":4},"end":{"line":130,"column":23}},"41":{"start":{"line":131,"column":21},"end":{"line":131,"column":45}},"42":{"start":{"line":132,"column":4},"end":{"line":136,"column":8}},"43":{"start":{"line":132,"column":26},"end":{"line":136,"column":5}},"44":{"start":{"line":140,"column":17},"end":{"line":140,"column":64}},"45":{"start":{"line":141,"column":4},"end":{"line":145,"column":8}},"46":{"start":{"line":141,"column":26},"end":{"line":145,"column":5}},"47":{"start":{"line":150,"column":17},"end":{"line":152,"column":3}},"48":{"start":{"line":155,"column":4},"end":{"line":155,"column":59}},"49":{"start":{"line":155,"column":24},"end":{"line":155,"column":59}},"50":{"start":{"line":156,"column":21},"end":{"line":160,"column":5}},"51":{"start":{"line":161,"column":4},"end":{"line":161,"column":19}},"52":{"start":{"line":165,"column":4},"end":{"line":165,"column":59}},"53":{"start":{"line":165,"column":24},"end":{"line":165,"column":59}},"54":{"start":{"line":166,"column":21},"end":{"line":168,"column":5}},"55":{"start":{"line":169,"column":4},"end":{"line":169,"column":19}},"56":{"start":{"line":173,"column":0},"end":{"line":173,"column":34}}},"fnMap":{"0":{"name":"(anonymous_0)","decl":{"start":{"line":90,"column":13},"end":{"line":90,"column":14}},"loc":{"start":{"line":90,"column":36},"end":{"line":95,"column":3}},"line":90},"1":{"name":"(anonymous_1)","decl":{"start":{"line":97,"column":14},"end":{"line":97,"column":15}},"loc":{"start":{"line":97,"column":68},"end":{"line":110,"column":3}},"line":97},"2":{"name":"(anonymous_2)","decl":{"start":{"line":105,"column":28},"end":{"line":105,"column":29}},"loc":{"start":{"line":105,"column":34},"end":{"line":108,"column":5}},"line":105},"3":{"name":"(anonymous_3)","decl":{"start":{"line":109,"column":34},"end":{"line":109,"column":35}},"loc":{"start":{"line":109,"column":39},"end":{"line":109,"column":69}},"line":109},"4":{"name":"(anonymous_4)","decl":{"start":{"line":112,"column":24},"end":{"line":112,"column":25}},"loc":{"start":{"line":112,"column":30},"end":{"line":122,"column":3}},"line":112},"5":{"name":"(anonymous_5)","decl":{"start":{"line":116,"column":30},"end":{"line":116,"column":31}},"loc":{"start":{"line":116,"column":35},"end":{"line":116,"column":55}},"line":116},"6":{"name":"(anonymous_6)","decl":{"start":{"line":117,"column":30},"end":{"line":117,"column":31}},"loc":{"start":{"line":117,"column":35},"end":{"line":117,"column":55}},"line":117},"7":{"name":"(anonymous_7)","decl":{"start":{"line":118,"column":30},"end":{"line":118,"column":31}},"loc":{"start":{"line":118,"column":35},"end":{"line":118,"column":56}},"line":118},"8":{"name":"(anonymous_8)","decl":{"start":{"line":119,"column":42},"end":{"line":119,"column":43}},"loc":{"start":{"line":119,"column":49},"end":{"line":119,"column":59}},"line":119},"9":{"name":"(anonymous_9)","decl":{"start":{"line":120,"column":42},"end":{"line":120,"column":43}},"loc":{"start":{"line":120,"column":49},"end":{"line":120,"column":60}},"line":120},"10":{"name":"(anonymous_10)","decl":{"start":{"line":124,"column":10},"end":{"line":124,"column":11}},"loc":{"start":{"line":124,"column":65},"end":{"line":137,"column":3}},"line":124},"11":{"name":"(anonymous_11)","decl":{"start":{"line":132,"column":20},"end":{"line":132,"column":21}},"loc":{"start":{"line":132,"column":26},"end":{"line":136,"column":5}},"line":132},"12":{"name":"(anonymous_12)","decl":{"start":{"line":139,"column":20},"end":{"line":139,"column":21}},"loc":{"start":{"line":139,"column":55},"end":{"line":146,"column":3}},"line":139},"13":{"name":"(anonymous_13)","decl":{"start":{"line":141,"column":20},"end":{"line":141,"column":21}},"loc":{"start":{"line":141,"column":26},"end":{"line":145,"column":5}},"line":141},"14":{"name":"(anonymous_14)","decl":{"start":{"line":150,"column":10},"end":{"line":150,"column":11}},"loc":{"start":{"line":150,"column":17},"end":{"line":152,"column":3}},"line":150},"15":{"name":"(anonymous_15)","decl":{"start":{"line":154,"column":20},"end":{"line":154,"column":21}},"loc":{"start":{"line":154,"column":47},"end":{"line":162,"column":3}},"line":154},"16":{"name":"(anonymous_16)","decl":{"start":{"line":164,"column":16},"end":{"line":164,"column":17}},"loc":{"start":{"line":164,"column":43},"end":{"line":170,"column":3}},"line":164}},"branchMap":{"0":{"loc":{"start":{"line":92,"column":4},"end":{"line":92,"column":30}},"type":"if","locations":[{"start":{"line":92,"column":4},"end":{"line":92,"column":30}},{"start":{},"end":{}}],"line":92},"1":{"loc":{"start":{"line":94,"column":125},"end":{"line":94,"column":146}},"type":"binary-expr","locations":[{"start":{"line":94,"column":125},"end":{"line":94,"column":138}},{"start":{"line":94,"column":142},"end":{"line":94,"column":146}}],"line":94},"2":{"loc":{"start":{"line":97,"column":38},"end":{"line":97,"column":49}},"type":"default-arg","locations":[{"start":{"line":97,"column":46},"end":{"line":97,"column":49}}],"line":97},"3":{"loc":{"start":{"line":97,"column":51},"end":{"line":97,"column":61}},"type":"default-arg","locations":[{"start":{"line":97,"column":60},"end":{"line":97,"column":61}}],"line":97},"4":{"loc":{"start":{"line":100,"column":4},"end":{"line":100,"column":77}},"type":"if","locations":[{"start":{"line":100,"column":4},"end":{"line":100,"column":77}},{"start":{},"end":{}}],"line":100},"5":{"loc":{"start":{"line":107,"column":17},"end":{"line":107,"column":41}},"type":"binary-expr","locations":[{"start":{"line":107,"column":17},"end":{"line":107,"column":33}},{"start":{"line":107,"column":37},"end":{"line":107,"column":41}}],"line":107},"6":{"loc":{"start":{"line":109,"column":11},"end":{"line":109,"column":79}},"type":"cond-expr","locations":[{"start":{"line":109,"column":20},"end":{"line":109,"column":70}},{"start":{"line":109,"column":73},"end":{"line":109,"column":79}}],"line":109},"7":{"loc":{"start":{"line":119,"column":64},"end":{"line":119,"column":78}},"type":"binary-expr","locations":[{"start":{"line":119,"column":64},"end":{"line":119,"column":75}},{"start":{"line":119,"column":77},"end":{"line":119,"column":78}}],"line":119},"8":{"loc":{"start":{"line":120,"column":65},"end":{"line":120,"column":79}},"type":"binary-expr","locations":[{"start":{"line":120,"column":65},"end":{"line":120,"column":76}},{"start":{"line":120,"column":78},"end":{"line":120,"column":79}}],"line":120},"9":{"loc":{"start":{"line":124,"column":19},"end":{"line":124,"column":36}},"type":"default-arg","locations":[{"start":{"line":124,"column":28},"end":{"line":124,"column":36}}],"line":124},"10":{"loc":{"start":{"line":124,"column":48},"end":{"line":124,"column":58}},"type":"default-arg","locations":[{"start":{"line":124,"column":56},"end":{"line":124,"column":58}}],"line":124},"11":{"loc":{"start":{"line":127,"column":4},"end":{"line":127,"column":84}},"type":"if","locations":[{"start":{"line":127,"column":4},"end":{"line":127,"column":84}},{"start":{},"end":{}}],"line":127},"12":{"loc":{"start":{"line":128,"column":4},"end":{"line":128,"column":86}},"type":"if","locations":[{"start":{"line":128,"column":4},"end":{"line":128,"column":86}},{"start":{},"end":{}}],"line":128},"13":{"loc":{"start":{"line":139,"column":38},"end":{"line":139,"column":48}},"type":"default-arg","locations":[{"start":{"line":139,"column":46},"end":{"line":139,"column":48}}],"line":139},"14":{"loc":{"start":{"line":155,"column":4},"end":{"line":155,"column":59}},"type":"if","locations":[{"start":{"line":155,"column":4},"end":{"line":155,"column":59}},{"start":{},"end":{}}],"line":155},"15":{"loc":{"start":{"line":165,"column":4},"end":{"line":165,"column":59}},"type":"if","locations":[{"start":{"line":165,"column":4},"end":{"line":165,"column":59}},{"start":{},"end":{}}],"line":165}},"s":{"0":1,"1":1,"2":1,"3":1,"4":1,"5":1,"6":0,"7":0,"8":0,"9":0,"10":0,"11":0,"12":0,"13":0,"14":0,"15":0,"16":0,"17":0,"18":0,"19":0,"20":0,"21":0,"22":0,"23":0,"24":0,"25":0,"26":0,"27":0,"28":0,"29":0,"30":0,"31":0,"32":0,"33":0,"34":0,"35":0,"36":0,"37":0,"38":0,"39":0,"40":0,"41":0,"42":0,"43":0,"44":0,"45":0,"46":0,"47":0,"48":0,"49":0,"50":0,"51":0,"52":0,"53":0,"54":0,"55":0,"56":1},"f":{"0":0,"1":0,"2":0,"3":0,"4":0,"5":0,"6":0,"7":0,"8":0,"9":0,"10":0,"11":0,"12":0,"13":0,"14":0,"15":0,"16":0},"b":{"0":[0,0],"1":[0,0],"2":[0],"3":[0],"4":[0,0],"5":[0,0],"6":[0,0],"7":[0,0],"8":[0,0],"9":[0],"10":[0],"11":[0,0],"12":[0,0],"13":[0],"14":[0,0],"15":[0,0]},"_coverageSchema":"1a1c01bbd47fc00a2c39e90264f33305004495a9","hash":"c7469740ec3418ce5f1c1612ab6d67e0ddf5b424"}
,"/home/claude/starlink-pro/backend/src/utils/logger.js": {"path":"/home/claude/starlink-pro/backend/src/utils/logger.js","statementMap":{"0":{"start":{"line":1,"column":45},"end":{"line":1,"column":63}},"1":{"start":{"line":2,"column":13},"end":{"line":2,"column":28}},"2":{"start":{"line":3,"column":11},"end":{"line":3,"column":24}},"3":{"start":{"line":5,"column":15},"end":{"line":5,"column":69}},"4":{"start":{"line":6,"column":0},"end":{"line":6,"column":70}},"5":{"start":{"line":6,"column":28},"end":{"line":6,"column":70}},"6":{"start":{"line":8,"column":15},"end":{"line":28,"column":2}},"7":{"start":{"line":20,"column":26},"end":{"line":20,"column":84}},"8":{"start":{"line":21,"column":10},"end":{"line":21,"column":65}},"9":{"start":{"line":30,"column":0},"end":{"line":30,"column":24}}},"fnMap":{"0":{"name":"(anonymous_0)","decl":{"start":{"line":19,"column":22},"end":{"line":19,"column":23}},"loc":{"start":{"line":19,"column":66},"end":{"line":22,"column":9}},"line":19}},"branchMap":{"0":{"loc":{"start":{"line":5,"column":28},"end":{"line":5,"column":68}},"type":"binary-expr","locations":[{"start":{"line":5,"column":28},"end":{"line":5,"column":48}},{"start":{"line":5,"column":52},"end":{"line":5,"column":68}}],"line":5},"1":{"loc":{"start":{"line":6,"column":0},"end":{"line":6,"column":70}},"type":"if","locations":[{"start":{"line":6,"column":0},"end":{"line":6,"column":70}},{"start":{},"end":{}}],"line":6},"2":{"loc":{"start":{"line":9,"column":9},"end":{"line":9,"column":40}},"type":"binary-expr","locations":[{"start":{"line":9,"column":9},"end":{"line":9,"column":30}},{"start":{"line":9,"column":34},"end":{"line":9,"column":40}}],"line":9},"3":{"loc":{"start":{"line":20,"column":26},"end":{"line":20,"column":84}},"type":"cond-expr","locations":[{"start":{"line":20,"column":53},"end":{"line":20,"column":79}},{"start":{"line":20,"column":82},"end":{"line":20,"column":84}}],"line":20},"4":{"loc":{"start":{"line":25,"column":36},"end":{"line":25,"column":84}},"type":"binary-expr","locations":[{"start":{"line":25,"column":36},"end":{"line":25,"column":62}},{"start":{"line":25,"column":66},"end":{"line":25,"column":84}}],"line":25},"5":{"loc":{"start":{"line":26,"column":36},"end":{"line":26,"column":76}},"type":"binary-expr","locations":[{"start":{"line":26,"column":36},"end":{"line":26,"column":56}},{"start":{"line":26,"column":60},"end":{"line":26,"column":76}}],"line":26}},"s":{"0":1,"1":1,"2":1,"3":1,"4":1,"5":1,"6":1,"7":1,"8":1,"9":1},"f":{"0":1},"b":{"0":[1,1],"1":[1,0],"2":[1,1],"3":[0,1],"4":[1,1],"5":[1,1]},"_coverageSchema":"1a1c01bbd47fc00a2c39e90264f33305004495a9","hash":"e6de7a71c6ddd36d14fe3de981679725ca580334"}
}
