TN:
SF:src/server.js
FN:32,(anonymous_0)
FN:44,(anonymous_1)
FN:46,(anonymous_2)
FN:48,(anonymous_3)
FN:62,(anonymous_4)
FN:73,(anonymous_5)
FN:81,(anonymous_6)
FN:83,(anonymous_7)
FN:91,start
FN:102,(anonymous_9)
FN:110,(anonymous_10)
FNF:11
FNH:0
FNDA:0,(anonymous_0)
FNDA:0,(anonymous_1)
FNDA:0,(anonymous_2)
FNDA:0,(anonymous_3)
FNDA:0,(anonymous_4)
FNDA:0,(anonymous_5)
FNDA:0,(anonymous_6)
FNDA:0,(anonymous_7)
FNDA:0,start
FNDA:0,(anonymous_9)
FNDA:0,(anonymous_10)
DA:1,1
DA:2,1
DA:3,1
DA:4,1
DA:5,1
DA:6,1
DA:7,1
DA:9,1
DA:10,1
DA:11,1
DA:12,1
DA:13,1
DA:14,1
DA:15,1
DA:16,1
DA:17,1
DA:18,1
DA:20,1
DA:21,1
DA:24,1
DA:32,1
DA:34,0
DA:35,0
DA:36,0
DA:37,0
DA:38,0
DA:41,0
DA:44,1
DA:45,0
DA:46,0
DA:48,0
DA:52,1
DA:53,1
DA:54,1
DA:55,1
DA:56,1
DA:57,1
DA:58,1
DA:59,1
DA:61,1
DA:62,0
DA:66,1
DA:67,1
DA:68,1
DA:69,1
DA:70,1
DA:73,1
DA:81,1
DA:83,1
DA:84,0
DA:85,0
DA:92,0
DA:93,0
DA:94,0
DA:97,0
DA:98,0
DA:101,0
DA:102,0
DA:105,0
DA:106,0
DA:107,0
DA:109,0
DA:110,0
DA:111,0
DA:112,0
DA:113,0
DA:114,0
DA:117,0
DA:118,0
DA:122,1
DA:124,1
LF:71
LH:41
BRDA:26,0,0,1
BRDA:26,0,1,1
BRDA:35,1,0,0
BRDA:35,1,1,0
BRDA:38,2,0,0
BRDA:38,2,1,0
BRDA:61,3,0,0
BRDA:61,3,1,1
BRDA:86,4,0,0
BRDA:86,4,1,0
BRDA:109,5,0,0
BRDA:109,5,1,0
BRDA:122,6,0,0
BRDA:122,6,1,1
BRF:14
BRH:4
end_of_record
TN:
SF:src/middleware/auth.js
FN:6,(anonymous_0)
FN:42,(anonymous_1)
FN:64,(anonymous_2)
FN:64,(anonymous_3)
FN:77,(anonymous_4)
FNF:5
FNH:3
FNDA:6,(anonymous_0)
FNDA:0,(anonymous_1)
FNDA:3,(anonymous_2)
FNDA:0,(anonymous_3)
FNDA:3,(anonymous_4)
DA:1,1
DA:2,1
DA:3,1
DA:6,1
DA:7,6
DA:9,6
DA:10,6
DA:13,6
DA:14,6
DA:15,3
DA:18,3
DA:19,3
DA:21,3
DA:26,3
DA:27,0
DA:30,3
DA:31,3
DA:32,3
DA:34,0
DA:35,0
DA:36,0
DA:37,0
DA:42,1
DA:43,0
DA:45,0
DA:46,0
DA:48,0
DA:52,0
DA:53,0
DA:55,0
DA:56,0
DA:58,0
DA:59,0
DA:64,3
DA:65,0
DA:66,0
DA:67,0
DA:69,0
DA:72,1
DA:73,1
DA:74,1
DA:77,1
DA:78,3
DA:79,3
DA:87,1
LF:45
LH:26
BRDA:10,0,0,0
BRDA:10,0,1,6
BRDA:14,1,0,3
BRDA:14,1,1,3
BRDA:19,2,0,3
BRDA:19,2,1,0
BRDA:26,3,0,0
BRDA:26,3,1,3
BRDA:26,4,0,3
BRDA:26,4,1,3
BRDA:34,5,0,0
BRDA:34,5,1,0
BRDA:35,6,0,0
BRDA:35,6,1,0
BRDA:45,7,0,0
BRDA:45,7,1,0
BRDA:52,8,0,0
BRDA:52,8,1,0
BRDA:52,9,0,0
BRDA:52,9,1,0
BRDA:65,10,0,0
BRDA:65,10,1,0
BRDA:66,11,0,0
BRDA:66,11,1,0
BRF:24
BRH:7
end_of_record
TN:
SF:src/middleware/security.js
FN:24,(anonymous_0)
FN:45,(anonymous_1)
FN:65,(anonymous_2)
FN:66,(anonymous_3)
FN:77,(anonymous_4)
FN:82,(anonymous_5)
FN:123,(anonymous_6)
FN:128,(anonymous_7)
FN:135,(anonymous_8)
FN:137,(anonymous_9)
FNF:10
FNH:9
FNDA:14,(anonymous_0)
FNDA:0,(anonymous_1)
FNDA:14,(anonymous_2)
FNDA:32,(anonymous_3)
FNDA:58,(anonymous_4)
FNDA:16,(anonymous_5)
FNDA:10,(anonymous_6)
FNDA:7,(anonymous_7)
FNDA:14,(anonymous_8)
FNDA:16,(anonymous_9)
DA:1,1
DA:2,1
DA:3,1
DA:4,1
DA:5,1
DA:8,1
DA:23,1
DA:25,14
DA:30,14
DA:31,0
DA:39,1
DA:46,0
DA:47,0
DA:51,1
DA:58,1
DA:65,1
DA:66,14
DA:67,32
DA:69,32
DA:77,14
DA:78,58
DA:79,42
DA:80,42
DA:81,42
DA:82,16
DA:85,0
DA:88,14
DA:89,14
DA:90,14
DA:91,14
DA:95,1
DA:100,1
DA:111,1
DA:118,1
DA:123,1
DA:124,10
DA:125,10
DA:126,6
DA:128,7
DA:131,4
DA:135,1
DA:136,14
DA:137,16
DA:138,14
DA:143,14
DA:144,0
DA:145,0
DA:147,14
DA:150,1
LF:49
LH:43
BRDA:26,0,0,14
BRDA:26,0,1,14
BRDA:30,1,0,14
BRDA:30,1,1,0
BRDA:30,2,0,14
BRDA:30,2,1,0
BRDA:40,3,0,1
BRDA:40,3,1,1
BRDA:41,4,0,1
BRDA:41,4,1,1
BRDA:53,5,0,1
BRDA:53,5,1,1
BRDA:67,6,0,0
BRDA:67,6,1,32
BRDA:78,7,0,16
BRDA:78,7,1,42
BRDA:79,8,0,0
BRDA:79,8,1,42
BRDA:80,9,0,42
BRDA:80,9,1,0
BRDA:80,10,0,42
BRDA:80,10,1,42
BRDA:88,11,0,14
BRDA:88,11,1,0
BRDA:89,12,0,14
BRDA:89,12,1,0
BRDA:90,13,0,14
BRDA:90,13,1,0
BRDA:125,14,0,6
BRDA:125,14,1,4
BRDA:137,15,0,16
BRDA:137,15,1,16
BRDA:139,16,0,14
BRDA:139,16,1,0
BRDA:140,17,0,14
BRDA:140,17,1,0
BRDA:141,18,0,14
BRDA:141,18,1,0
BRDA:143,19,0,0
BRDA:143,19,1,14
BRF:40
BRH:28
end_of_record
TN:
SF:src/routes/api.js
FN:15,(anonymous_0)
FN:34,(anonymous_1)
FN:41,(anonymous_2)
FN:56,(anonymous_3)
FN:66,(anonymous_4)
FN:73,(anonymous_5)
FN:84,(anonymous_6)
FN:87,(anonymous_7)
FN:88,(anonymous_8)
FN:89,(anonymous_9)
FN:90,(anonymous_10)
FN:91,(anonymous_11)
FN:107,(anonymous_12)
FN:121,(anonymous_13)
FN:132,(anonymous_14)
FN:148,(anonymous_15)
FN:154,(anonymous_16)
FN:160,(anonymous_17)
FN:170,(anonymous_18)
FN:175,(anonymous_19)
FN:179,(anonymous_20)
FN:180,(anonymous_21)
FN:181,(anonymous_22)
FN:182,(anonymous_23)
FN:183,(anonymous_24)
FN:184,(anonymous_25)
FN:185,(anonymous_26)
FNF:27
FNH:3
FNDA:1,(anonymous_0)
FNDA:2,(anonymous_1)
FNDA:0,(anonymous_2)
FNDA:0,(anonymous_3)
FNDA:0,(anonymous_4)
FNDA:0,(anonymous_5)
FNDA:0,(anonymous_6)
FNDA:0,(anonymous_7)
FNDA:0,(anonymous_8)
FNDA:0,(anonymous_9)
FNDA:0,(anonymous_10)
FNDA:0,(anonymous_11)
FNDA:0,(anonymous_12)
FNDA:0,(anonymous_13)
FNDA:0,(anonymous_14)
FNDA:1,(anonymous_15)
FNDA:0,(anonymous_16)
FNDA:0,(anonymous_17)
FNDA:0,(anonymous_18)
FNDA:0,(anonymous_19)
FNDA:0,(anonymous_20)
FNDA:0,(anonymous_21)
FNDA:0,(anonymous_22)
FNDA:0,(anonymous_23)
FNDA:0,(anonymous_24)
FNDA:0,(anonymous_25)
FNDA:0,(anonymous_26)
DA:1,1
DA:2,1
DA:3,1
DA:4,1
DA:5,1
DA:6,1
DA:7,1
DA:8,1
DA:15,1
DA:16,1
DA:17,1
DA:20,1
DA:22,1
DA:24,1
DA:25,1
DA:27,1
DA:28,1
DA:30,1
DA:33,1
DA:34,2
DA:40,1
DA:41,0
DA:44,1
DA:50,0
DA:51,0
DA:56,1
DA:57,0
DA:60,0
DA:61,0
DA:62,0
DA:66,1
DA:67,0
DA:68,0
DA:69,0
DA:73,1
DA:74,0
DA:75,0
DA:76,0
DA:77,0
DA:79,0
DA:84,1
DA:85,0
DA:86,0
DA:87,0
DA:88,0
DA:89,0
DA:90,0
DA:91,0
DA:92,0
DA:104,1
DA:107,1
DA:108,0
DA:109,0
DA:111,0
DA:112,0
DA:113,0
DA:114,0
DA:115,0
DA:116,0
DA:117,0
DA:121,1
DA:122,0
DA:127,0
DA:128,0
DA:132,1
DA:133,0
DA:137,0
DA:138,0
DA:145,1
DA:148,1
DA:149,1
DA:150,1
DA:154,1
DA:155,0
DA:156,0
DA:160,1
DA:161,0
DA:168,1
DA:170,1
DA:171,0
DA:172,0
DA:175,1
DA:176,0
DA:177,0
DA:179,0
DA:180,0
DA:181,0
DA:182,0
DA:183,0
DA:184,0
DA:185,0
DA:187,0
DA:190,1
LF:93
LH:40
BRDA:17,0,0,1
BRDA:17,1,0,1
BRDA:24,2,0,0
BRDA:24,2,1,1
BRDA:25,3,0,0
BRDA:25,3,1,1
BRDA:36,4,0,2
BRDA:36,4,1,2
BRDA:40,5,0,0
BRDA:40,5,1,1
BRDA:60,6,0,0
BRDA:60,6,1,0
BRDA:62,7,0,0
BRDA:62,7,1,0
BRDA:67,8,0,0
BRDA:67,8,1,0
BRDA:90,9,0,0
BRDA:90,9,1,0
BRDA:91,10,0,0
BRDA:91,10,1,0
BRDA:108,11,0,0
BRDA:108,12,0,0
BRDA:108,13,0,0
BRDA:112,14,0,0
BRDA:112,14,1,0
BRDA:113,15,0,0
BRDA:113,15,1,0
BRDA:127,16,0,0
BRDA:127,16,1,0
BRDA:137,17,0,0
BRDA:137,17,1,0
BRDA:150,18,0,1
BRDA:150,18,1,0
BRDA:155,19,0,0
BRDA:155,19,1,0
BRDA:182,20,0,0
BRDA:182,20,1,0
BRDA:183,21,0,0
BRDA:183,21,1,0
BRDA:184,22,0,0
BRDA:184,22,1,0
BRDA:185,23,0,0
BRDA:185,23,1,0
BRF:43
BRH:8
end_of_record
TN:
SF:src/routes/auth.js
FN:10,(anonymous_0)
FN:14,(anonymous_1)
FN:49,(anonymous_2)
FN:72,(anonymous_3)
FN:83,(anonymous_4)
FN:92,(anonymous_5)
FNF:6
FNH:2
FNDA:2,(anonymous_0)
FNDA:3,(anonymous_1)
FNDA:0,(anonymous_2)
FNDA:0,(anonymous_3)
FNDA:0,(anonymous_4)
FNDA:0,(anonymous_5)
DA:1,1
DA:2,1
DA:3,1
DA:4,1
DA:5,1
DA:6,1
DA:7,1
DA:8,1
DA:10,1
DA:11,2
DA:14,1
DA:15,3
DA:16,3
DA:17,3
DA:20,3
DA:21,3
DA:22,2
DA:25,1
DA:26,1
DA:29,1
DA:30,1
DA:35,1
DA:37,1
DA:38,1
DA:43,0
DA:44,0
DA:49,1
DA:50,0
DA:51,0
DA:52,0
DA:54,0
DA:55,0
DA:59,0
DA:61,0
DA:62,0
DA:64,0
DA:65,0
DA:67,0
DA:72,1
DA:73,0
DA:74,0
DA:75,0
DA:76,0
DA:78,0
DA:83,1
DA:84,0
DA:88,0
DA:92,1
DA:93,0
DA:94,0
DA:95,0
DA:98,1
LF:52
LH:29
BRDA:21,0,0,2
BRDA:21,0,1,1
BRDA:21,1,0,3
BRDA:21,1,1,1
BRDA:25,2,0,1
BRDA:25,2,1,0
BRDA:25,3,0,1
BRDA:25,3,1,1
BRDA:26,4,0,1
BRDA:26,4,1,0
BRDA:26,5,0,1
BRDA:26,5,1,1
BRDA:52,6,0,0
BRDA:52,6,1,0
BRDA:54,7,0,0
BRDA:54,7,1,0
BRDA:59,8,0,0
BRDA:59,8,1,0
BRDA:62,9,0,0
BRDA:62,9,1,0
BRDA:64,10,0,0
BRDA:64,10,1,0
BRDA:75,11,0,0
BRDA:75,11,1,0
BRF:24
BRH:10
end_of_record
TN:
SF:src/routes/graphql.js
FN:90,(anonymous_0)
FN:97,(anonymous_1)
FN:105,(anonymous_2)
FN:109,(anonymous_3)
FN:112,(anonymous_4)
FN:116,(anonymous_5)
FN:117,(anonymous_6)
FN:118,(anonymous_7)
FN:119,(anonymous_8)
FN:120,(anonymous_9)
FN:124,(anonymous_10)
FN:132,(anonymous_11)
FN:139,(anonymous_12)
FN:141,(anonymous_13)
FN:150,(anonymous_14)
FN:154,(anonymous_15)
FN:164,(anonymous_16)
FNF:17
FNH:0
FNDA:0,(anonymous_0)
FNDA:0,(anonymous_1)
FNDA:0,(anonymous_2)
FNDA:0,(anonymous_3)
FNDA:0,(anonymous_4)
FNDA:0,(anonymous_5)
FNDA:0,(anonymous_6)
FNDA:0,(anonymous_7)
FNDA:0,(anonymous_8)
FNDA:0,(anonymous_9)
FNDA:0,(anonymous_10)
FNDA:0,(anonymous_11)
FNDA:0,(anonymous_12)
FNDA:0,(anonymous_13)
FNDA:0,(anonymous_14)
FNDA:0,(anonymous_15)
FNDA:0,(anonymous_16)
DA:1,1
DA:2,1
DA:3,1
DA:4,1
DA:7,1
DA:89,1
DA:91,0
DA:92,0
DA:93,0
DA:94,0
DA:98,0
DA:99,0
DA:100,0
DA:101,0
DA:102,0
DA:103,0
DA:104,0
DA:105,0
DA:109,0
DA:113,0
DA:114,0
DA:116,0
DA:117,0
DA:118,0
DA:119,0
DA:120,0
DA:125,0
DA:126,0
DA:127,0
DA:128,0
DA:129,0
DA:130,0
DA:131,0
DA:132,0
DA:140,0
DA:141,0
DA:150,0
DA:155,0
DA:156,0
DA:161,0
DA:165,0
DA:166,0
DA:169,0
DA:173,1
LF:44
LH:7
BRDA:92,0,0,0
BRDA:92,0,1,0
BRDA:94,1,0,0
BRDA:94,1,1,0
BRDA:97,2,0,0
BRDA:97,3,0,0
BRDA:100,4,0,0
BRDA:100,4,1,0
BRDA:107,5,0,0
BRDA:107,5,1,0
BRDA:109,6,0,0
BRDA:109,6,1,0
BRDA:119,7,0,0
BRDA:119,7,1,0
BRDA:120,8,0,0
BRDA:120,8,1,0
BRDA:124,9,0,0
BRDA:124,10,0,0
BRDA:127,11,0,0
BRDA:127,11,1,0
BRDA:128,12,0,0
BRDA:128,12,1,0
BRDA:139,13,0,0
BRDA:155,14,0,0
BRDA:155,14,1,0
BRDA:165,15,0,0
BRDA:165,15,1,0
BRF:27
BRH:0
end_of_record
TN:
SF:src/utils/logger.js
FN:19,(anonymous_0)
FNF:1
FNH:1
FNDA:1,(anonymous_0)
DA:1,1
DA:2,1
DA:3,1
DA:5,1
DA:6,1
DA:8,1
DA:20,1
DA:21,1
DA:30,1
LF:9
LH:9
BRDA:5,0,0,1
BRDA:5,0,1,1
BRDA:6,1,0,1
BRDA:6,1,1,0
BRDA:9,2,0,1
BRDA:9,2,1,1
BRDA:20,3,0,0
BRDA:20,3,1,1
BRDA:25,4,0,1
BRDA:25,4,1,1
BRDA:26,5,0,1
BRDA:26,5,1,1
BRF:12
BRH:10
end_of_record
